<?xml version="1.0" encoding="UTF-8"?>
<coverage generated="1771021484746" clover="3.2.0">
  <project timestamp="1771021484746" name="All files">
    <metrics statements="308" coveredstatements="222" conditionals="220" coveredconditionals="132" methods="140" coveredmethods="102" elements="668" coveredelements="456" complexity="0" loc="308" ncloc="308" packages="5" files="27" classes="27"/>
    <package name="src">
      <metrics statements="96" coveredstatements="29" conditionals="16" coveredconditionals="3" methods="51" coveredmethods="19"/>
      <file name="fileRoute.ts" path="/Users/jonaskennedy/code/tanstack-svelte-start-adapter/packages/svelte-router/src/fileRoute.ts">
        <metrics statements="31" coveredstatements="13" conditionals="6" coveredconditionals="2" methods="16" coveredmethods="8"/>
        <line num="101" count="4" type="stmt"/>
        <line num="104" count="4" type="stmt"/>
        <line num="107" count="3" type="stmt"/>
        <line num="108" count="3" type="stmt"/>
        <line num="109" count="3" type="stmt"/>
        <line num="110" count="3" type="stmt"/>
        <line num="137" count="4" type="cond" truecount="1" falsecount="1"/>
        <line num="138" count="0" type="stmt"/>
        <line num="142" count="4" type="stmt"/>
        <line num="171" count="18" type="stmt"/>
        <line num="174" count="0" type="stmt"/>
        <line num="175" count="0" type="stmt"/>
        <line num="181" count="0" type="stmt"/>
        <line num="182" count="0" type="stmt"/>
        <line num="184" count="0" type="cond" truecount="0" falsecount="2"/>
        <line num="188" count="0" type="stmt"/>
        <line num="189" count="0" type="stmt"/>
        <line num="195" count="0" type="stmt"/>
        <line num="196" count="0" type="stmt"/>
        <line num="202" count="0" type="stmt"/>
        <line num="203" count="0" type="stmt"/>
        <line num="206" count="0" type="stmt"/>
        <line num="207" count="0" type="stmt"/>
        <line num="210" count="0" type="stmt"/>
        <line num="211" count="0" type="stmt"/>
        <line num="212" count="0" type="stmt"/>
        <line num="231" count="2" type="cond" truecount="1" falsecount="1"/>
        <line num="232" count="0" type="stmt"/>
        <line num="235" count="2" type="stmt"/>
        <line num="250" count="18" type="stmt"/>
        <line num="251" count="17" type="stmt"/>
      </file>
      <file name="link.ts" path="/Users/jonaskennedy/code/tanstack-svelte-start-adapter/packages/svelte-router/src/link.ts">
        <metrics statements="1" coveredstatements="1" conditionals="0" coveredconditionals="0" methods="1" coveredmethods="1"/>
        <line num="51" count="4" type="stmt"/>
      </file>
      <file name="route.ts" path="/Users/jonaskennedy/code/tanstack-svelte-start-adapter/packages/svelte-router/src/route.ts">
        <metrics statements="56" coveredstatements="10" conditionals="6" coveredconditionals="0" methods="33" coveredmethods="9"/>
        <line num="193" count="529" type="stmt"/>
        <line num="196" count="0" type="stmt"/>
        <line num="197" count="0" type="stmt"/>
        <line num="203" count="0" type="stmt"/>
        <line num="204" count="0" type="stmt"/>
        <line num="207" count="0" type="cond" truecount="0" falsecount="2"/>
        <line num="211" count="0" type="stmt"/>
        <line num="212" count="0" type="stmt"/>
        <line num="218" count="0" type="stmt"/>
        <line num="219" count="0" type="stmt"/>
        <line num="225" count="0" type="stmt"/>
        <line num="226" count="0" type="stmt"/>
        <line num="229" count="0" type="stmt"/>
        <line num="230" count="0" type="stmt"/>
        <line num="233" count="0" type="stmt"/>
        <line num="234" count="0" type="stmt"/>
        <line num="271" count="180" type="stmt"/>
        <line num="274" count="0" type="stmt"/>
        <line num="275" count="0" type="stmt"/>
        <line num="281" count="0" type="stmt"/>
        <line num="282" count="0" type="stmt"/>
        <line num="285" count="0" type="cond" truecount="0" falsecount="2"/>
        <line num="289" count="0" type="stmt"/>
        <line num="290" count="0" type="stmt"/>
        <line num="296" count="0" type="stmt"/>
        <line num="297" count="0" type="stmt"/>
        <line num="303" count="0" type="stmt"/>
        <line num="304" count="0" type="stmt"/>
        <line num="307" count="0" type="stmt"/>
        <line num="308" count="0" type="stmt"/>
        <line num="311" count="0" type="stmt"/>
        <line num="312" count="0" type="stmt"/>
        <line num="397" count="524" type="stmt"/>
        <line num="439" count="180" type="stmt"/>
        <line num="459" count="4" type="stmt"/>
        <line num="481" count="3" type="stmt"/>
        <line num="498" count="11" type="stmt"/>
        <line num="537" count="5" type="stmt"/>
        <line num="556" count="12" type="stmt"/>
        <line num="559" count="0" type="stmt"/>
        <line num="560" count="0" type="stmt"/>
        <line num="566" count="0" type="stmt"/>
        <line num="567" count="0" type="stmt"/>
        <line num="569" count="0" type="cond" truecount="0" falsecount="2"/>
        <line num="573" count="0" type="stmt"/>
        <line num="574" count="0" type="stmt"/>
        <line num="580" count="0" type="stmt"/>
        <line num="581" count="0" type="stmt"/>
        <line num="587" count="0" type="stmt"/>
        <line num="588" count="0" type="stmt"/>
        <line num="591" count="0" type="stmt"/>
        <line num="592" count="0" type="stmt"/>
        <line num="595" count="0" type="stmt"/>
        <line num="598" count="0" type="stmt"/>
        <line num="599" count="0" type="stmt"/>
        <line num="613" count="3" type="stmt"/>
      </file>
      <file name="router.ts" path="/Users/jonaskennedy/code/tanstack-svelte-start-adapter/packages/svelte-router/src/router.ts">
        <metrics statements="8" coveredstatements="5" conditionals="4" coveredconditionals="1" methods="1" coveredmethods="1"/>
        <line num="77" count="11" type="stmt"/>
        <line num="78" count="156" type="stmt"/>
        <line num="88" count="11" type="cond" truecount="1" falsecount="1"/>
        <line num="89" count="11" type="stmt"/>
        <line num="90" count="11" type="stmt"/>
        <line num="91" count="0" type="cond" truecount="0" falsecount="2"/>
        <line num="92" count="0" type="stmt"/>
        <line num="93" count="0" type="stmt"/>
      </file>
      <file name="svelte-shims.d.ts" path="/Users/jonaskennedy/code/tanstack-svelte-start-adapter/packages/svelte-router/src/svelte-shims.d.ts">
        <metrics statements="0" coveredstatements="0" conditionals="0" coveredconditionals="0" methods="0" coveredmethods="0"/>
      </file>
    </package>
    <package name="src.components">
      <metrics statements="155" coveredstatements="137" conditionals="167" coveredconditionals="107" methods="61" coveredmethods="56"/>
      <file name="Link.svelte" path="/Users/jonaskennedy/code/tanstack-svelte-start-adapter/packages/svelte-router/src/components/Link.svelte">
        <metrics statements="92" coveredstatements="81" conditionals="108" coveredconditionals="71" methods="23" coveredmethods="21"/>
        <line num="54" count="101" type="cond" truecount="0" falsecount="1"/>
        <line num="65" count="101" type="stmt"/>
        <line num="113" count="101" type="stmt"/>
        <line num="114" count="101" type="stmt"/>
        <line num="117" count="101" type="stmt"/>
        <line num="120" count="101" type="stmt"/>
        <line num="131" count="101" type="stmt"/>
        <line num="133" count="249" type="stmt"/>
        <line num="134" count="249" type="stmt"/>
        <line num="135" count="249" type="stmt"/>
        <line num="137" count="0" type="stmt"/>
        <line num="142" count="101" type="stmt"/>
        <line num="143" count="249" type="cond" truecount="2" falsecount="0"/>
        <line num="144" count="246" type="cond" truecount="1" falsecount="1"/>
        <line num="145" count="246" type="cond" truecount="4" falsecount="0"/>
        <line num="146" count="249" type="cond" truecount="1" falsecount="2"/>
        <line num="150" count="101" type="stmt"/>
        <line num="151" count="249" type="cond" truecount="1" falsecount="1"/>
        <line num="153" count="249" type="stmt"/>
        <line num="154" count="249" type="stmt"/>
        <line num="155" count="249" type="cond" truecount="2" falsecount="2"/>
        <line num="156" count="1" type="stmt"/>
        <line num="161" count="1" type="cond" truecount="1" falsecount="1"/>
        <line num="163" count="248" type="stmt"/>
        <line num="167" count="248" type="cond" truecount="2" falsecount="0"/>
        <line num="171" count="249" type="cond" truecount="2" falsecount="2"/>
        <line num="173" count="1" type="stmt"/>
        <line num="174" count="1" type="stmt"/>
        <line num="175" count="1" type="cond" truecount="1" falsecount="1"/>
        <line num="176" count="0" type="stmt"/>
        <line num="181" count="249" type="cond" truecount="2" falsecount="2"/>
        <line num="182" count="1" type="cond" truecount="1" falsecount="1"/>
        <line num="185" count="79" type="stmt"/>
        <line num="187" count="0" type="stmt"/>
        <line num="192" count="127" type="cond" truecount="2" falsecount="0"/>
        <line num="193" count="127" type="stmt"/>
        <line num="195" count="101" type="stmt"/>
        <line num="196" count="127" type="cond" truecount="4" falsecount="2"/>
        <line num="200" count="101" type="stmt"/>
        <line num="201" count="198" type="stmt"/>
        <line num="208" count="198" type="cond" truecount="2" falsecount="0"/>
        <line num="212" count="101" type="stmt"/>
        <line num="213" count="198" type="stmt"/>
        <line num="214" count="198" type="stmt"/>
        <line num="215" count="198" type="stmt"/>
        <line num="217" count="198" type="cond" truecount="5" falsecount="0"/>
        <line num="221" count="2" type="cond" truecount="3" falsecount="5"/>
        <line num="225" count="2" type="stmt"/>
        <line num="230" count="0" type="stmt"/>
        <line num="237" count="101" type="stmt"/>
        <line num="238" count="101" type="cond" truecount="2" falsecount="4"/>
        <line num="240" count="101" type="cond" truecount="1" falsecount="2"/>
        <line num="241" count="2" type="cond" truecount="1" falsecount="2"/>
        <line num="248" count="101" type="stmt"/>
        <line num="263" count="101" type="stmt"/>
        <line num="264" count="101" type="stmt"/>
        <line num="265" count="0" type="cond" truecount="0" falsecount="2"/>
        <line num="266" count="0" type="stmt"/>
        <line num="269" count="101" type="stmt"/>
        <line num="273" count="4" type="stmt"/>
        <line num="277" count="9" type="stmt"/>
        <line num="280" count="9" type="cond" truecount="11" falsecount="0"/>
        <line num="293" count="0" type="cond" truecount="0" falsecount="2"/>
        <line num="295" count="5" type="stmt"/>
        <line num="298" count="5" type="stmt"/>
        <line num="299" count="5" type="stmt"/>
        <line num="300" count="0" type="stmt"/>
        <line num="301" count="0" type="stmt"/>
        <line num="304" count="5" type="stmt"/>
        <line num="316" count="10" type="stmt"/>
        <line num="318" count="10" type="cond" truecount="2" falsecount="0"/>
        <line num="319" count="2" type="stmt"/>
        <line num="320" count="1" type="stmt"/>
        <line num="326" count="1" type="stmt"/>
        <line num="328" count="1" type="cond" truecount="1" falsecount="1"/>
        <line num="329" count="1" type="stmt"/>
        <line num="330" count="1" type="stmt"/>
        <line num="335" count="10" type="stmt"/>
        <line num="337" count="10" type="cond" truecount="2" falsecount="0"/>
        <line num="338" count="2" type="stmt"/>
        <line num="343" count="1" type="stmt"/>
        <line num="345" count="1" type="cond" truecount="1" falsecount="1"/>
        <line num="346" count="1" type="stmt"/>
        <line num="351" count="101" type="stmt"/>
        <line num="368" count="127" type="stmt"/>
        <line num="369" count="127" type="stmt"/>
        <line num="370" count="127" type="stmt"/>
        <line num="372" count="127" type="stmt"/>
        <line num="373" count="127" type="stmt"/>
        <line num="374" count="127" type="stmt"/>
        <line num="377" count="0" type="cond" truecount="0" falsecount="2"/>
        <line num="378" count="0" type="stmt"/>
      </file>
      <file name="Match.svelte" path="/Users/jonaskennedy/code/tanstack-svelte-start-adapter/packages/svelte-router/src/components/Match.svelte">
        <metrics statements="24" coveredstatements="20" conditionals="32" coveredconditionals="20" methods="17" coveredmethods="15"/>
        <line num="15" count="0" type="stmt"/>
        <line num="25" count="113" type="stmt"/>
        <line num="28" count="390" type="stmt"/>
        <line num="31" count="245" type="cond" truecount="2" falsecount="2"/>
        <line num="34" count="131" type="stmt"/>
        <line num="37" count="113" type="stmt"/>
        <line num="40" count="113" type="stmt"/>
        <line num="43" count="66" type="stmt"/>
        <line num="46" count="245" type="stmt"/>
        <line num="49" count="243" type="stmt"/>
        <line num="53" count="145" type="cond" truecount="10" falsecount="2"/>
        <line num="54" count="2" type="stmt"/>
        <line num="55" count="142" type="cond" truecount="4" falsecount="2"/>
        <line num="56" count="1" type="stmt"/>
        <line num="57" count="81" type="cond" truecount="2" falsecount="2"/>
        <line num="58" count="81" type="stmt"/>
        <line num="59" count="61" type="cond" truecount="2" falsecount="2"/>
        <line num="60" count="0" type="stmt"/>
        <line num="62" count="0" type="stmt"/>
        <line num="64" count="0" type="stmt"/>
        <line num="68" count="52" type="cond" truecount="0" falsecount="2"/>
        <line num="70" count="36" type="stmt"/>
        <line num="72" count="168" type="stmt"/>
        <line num="74" count="36" type="stmt"/>
      </file>
      <file name="Matches.svelte" path="/Users/jonaskennedy/code/tanstack-svelte-start-adapter/packages/svelte-router/src/components/Matches.svelte">
        <metrics statements="5" coveredstatements="4" conditionals="8" coveredconditionals="5" methods="4" coveredmethods="4"/>
        <line num="11" count="0" type="stmt"/>
        <line num="18" count="116" type="cond" truecount="4" falsecount="0"/>
        <line num="21" count="116" type="stmt"/>
        <line num="24" count="116" type="cond" truecount="1" falsecount="3"/>
        <line num="25" count="296" type="stmt"/>
      </file>
      <file name="Navigate.svelte" path="/Users/jonaskennedy/code/tanstack-svelte-start-adapter/packages/svelte-router/src/components/Navigate.svelte">
        <metrics statements="4" coveredstatements="4" conditionals="1" coveredconditionals="0" methods="2" coveredmethods="2"/>
        <line num="27" count="6" type="cond" truecount="0" falsecount="1"/>
        <line num="36" count="6" type="stmt"/>
        <line num="38" count="6" type="stmt"/>
        <line num="39" count="6" type="stmt"/>
      </file>
      <file name="Outlet.svelte" path="/Users/jonaskennedy/code/tanstack-svelte-start-adapter/packages/svelte-router/src/components/Outlet.svelte">
        <metrics statements="17" coveredstatements="17" conditionals="16" coveredconditionals="10" methods="8" coveredmethods="7"/>
        <line num="16" count="23" type="stmt"/>
        <line num="17" count="23" type="stmt"/>
        <line num="18" count="23" type="stmt"/>
        <line num="22" count="23" type="stmt"/>
        <line num="23" count="77" type="stmt"/>
        <line num="24" count="77" type="cond" truecount="2" falsecount="0"/>
        <line num="28" count="23" type="stmt"/>
        <line num="30" count="23" type="stmt"/>
        <line num="31" count="90" type="cond" truecount="1" falsecount="1"/>
        <line num="34" count="77" type="cond" truecount="3" falsecount="1"/>
        <line num="35" count="77" type="cond" truecount="3" falsecount="1"/>
        <line num="41" count="77" type="cond" truecount="1" falsecount="3"/>
        <line num="42" count="23" type="stmt"/>
        <line num="43" count="77" type="stmt"/>
        <line num="44" count="269" type="stmt"/>
        <line num="45" count="77" type="stmt"/>
        <line num="46" count="23" type="stmt"/>
      </file>
      <file name="RouterProvider.svelte" path="/Users/jonaskennedy/code/tanstack-svelte-start-adapter/packages/svelte-router/src/components/RouterProvider.svelte">
        <metrics statements="13" coveredstatements="11" conditionals="2" coveredconditionals="1" methods="7" coveredmethods="7"/>
        <line num="28" count="0" type="stmt"/>
        <line num="35" count="54" type="stmt"/>
        <line num="36" count="54" type="cond" truecount="1" falsecount="1"/>
        <line num="37" count="0" type="stmt"/>
        <line num="50" count="54" type="stmt"/>
        <line num="51" count="54" type="stmt"/>
        <line num="55" count="54" type="stmt"/>
        <line num="59" count="620" type="stmt"/>
        <line num="61" count="54" type="stmt"/>
        <line num="64" count="54" type="stmt"/>
        <line num="65" count="174" type="stmt"/>
        <line num="68" count="54" type="stmt"/>
        <line num="72" count="196" type="stmt"/>
      </file>
    </package>
    <package name="src.context">
      <metrics statements="7" coveredstatements="7" conditionals="2" coveredconditionals="1" methods="3" coveredmethods="3"/>
      <file name="getContext.ts" path="/Users/jonaskennedy/code/tanstack-svelte-start-adapter/packages/svelte-router/src/context/getContext.ts">
        <metrics statements="4" coveredstatements="4" conditionals="2" coveredconditionals="1" methods="3" coveredmethods="3"/>
        <line num="16" count="10" type="stmt"/>
        <line num="25" count="7" type="stmt"/>
        <line num="28" count="7" type="cond" truecount="1" falsecount="1"/>
        <line num="37" count="18" type="stmt"/>
      </file>
      <file name="keys.ts" path="/Users/jonaskennedy/code/tanstack-svelte-start-adapter/packages/svelte-router/src/context/keys.ts">
        <metrics statements="3" coveredstatements="3" conditionals="0" coveredconditionals="0" methods="0" coveredmethods="0"/>
        <line num="5" count="11" type="stmt"/>
        <line num="11" count="11" type="stmt"/>
        <line num="18" count="11" type="stmt"/>
      </file>
    </package>
    <package name="src.hooks">
      <metrics statements="40" coveredstatements="39" conditionals="31" coveredconditionals="19" methods="22" coveredmethods="21"/>
      <file name="useCanGoBack.ts" path="/Users/jonaskennedy/code/tanstack-svelte-start-adapter/packages/svelte-router/src/hooks/useCanGoBack.ts">
        <metrics statements="2" coveredstatements="2" conditionals="0" coveredconditionals="0" methods="1" coveredmethods="1"/>
        <line num="18" count="2" type="stmt"/>
        <line num="19" count="2" type="stmt"/>
      </file>
      <file name="useLoaderData.ts" path="/Users/jonaskennedy/code/tanstack-svelte-start-adapter/packages/svelte-router/src/hooks/useLoaderData.ts">
        <metrics statements="3" coveredstatements="3" conditionals="2" coveredconditionals="1" methods="2" coveredmethods="2"/>
        <line num="33" count="1" type="stmt"/>
        <line num="36" count="1" type="stmt"/>
        <line num="37" count="1" type="cond" truecount="1" falsecount="1"/>
      </file>
      <file name="useLoaderDeps.ts" path="/Users/jonaskennedy/code/tanstack-svelte-start-adapter/packages/svelte-router/src/hooks/useLoaderDeps.ts">
        <metrics statements="3" coveredstatements="3" conditionals="4" coveredconditionals="2" methods="2" coveredmethods="2"/>
        <line num="33" count="1" type="stmt"/>
        <line num="36" count="1" type="cond" truecount="1" falsecount="1"/>
        <line num="37" count="1" type="cond" truecount="1" falsecount="1"/>
      </file>
      <file name="useLocation.ts" path="/Users/jonaskennedy/code/tanstack-svelte-start-adapter/packages/svelte-router/src/hooks/useLocation.ts">
        <metrics statements="2" coveredstatements="2" conditionals="0" coveredconditionals="0" methods="2" coveredmethods="2"/>
        <line num="23" count="1" type="stmt"/>
        <line num="24" count="1" type="stmt"/>
      </file>
      <file name="useMatch.ts" path="/Users/jonaskennedy/code/tanstack-svelte-start-adapter/packages/svelte-router/src/hooks/useMatch.ts">
        <metrics statements="8" coveredstatements="7" conditionals="6" coveredconditionals="4" methods="2" coveredmethods="2"/>
        <line num="32" count="7" type="stmt"/>
        <line num="33" count="7" type="stmt"/>
        <line num="35" count="7" type="stmt"/>
        <line num="36" count="7" type="stmt"/>
        <line num="37" count="16" type="cond" truecount="1" falsecount="1"/>
        <line num="38" count="16" type="cond" truecount="1" falsecount="1"/>
        <line num="39" count="0" type="stmt"/>
        <line num="42" count="7" type="cond" truecount="2" falsecount="0"/>
      </file>
      <file name="useMatchRoute.ts" path="/Users/jonaskennedy/code/tanstack-svelte-start-adapter/packages/svelte-router/src/hooks/useMatchRoute.ts">
        <metrics statements="4" coveredstatements="4" conditionals="0" coveredconditionals="0" methods="2" coveredmethods="2"/>
        <line num="33" count="1" type="stmt"/>
        <line num="35" count="1" type="stmt"/>
        <line num="41" count="2" type="stmt"/>
        <line num="42" count="2" type="stmt"/>
      </file>
      <file name="useNavigate.ts" path="/Users/jonaskennedy/code/tanstack-svelte-start-adapter/packages/svelte-router/src/hooks/useNavigate.ts">
        <metrics statements="3" coveredstatements="3" conditionals="2" coveredconditionals="2" methods="2" coveredmethods="2"/>
        <line num="31" count="4" type="stmt"/>
        <line num="32" count="4" type="stmt"/>
        <line num="33" count="2" type="stmt"/>
      </file>
      <file name="useParams.ts" path="/Users/jonaskennedy/code/tanstack-svelte-start-adapter/packages/svelte-router/src/hooks/useParams.ts">
        <metrics statements="3" coveredstatements="3" conditionals="4" coveredconditionals="2" methods="2" coveredmethods="2"/>
        <line num="41" count="2" type="stmt"/>
        <line num="44" count="2" type="cond" truecount="1" falsecount="1"/>
        <line num="45" count="2" type="cond" truecount="1" falsecount="1"/>
      </file>
      <file name="useRouteContext.ts" path="/Users/jonaskennedy/code/tanstack-svelte-start-adapter/packages/svelte-router/src/hooks/useRouteContext.ts">
        <metrics statements="3" coveredstatements="3" conditionals="4" coveredconditionals="2" methods="2" coveredmethods="2"/>
        <line num="30" count="1" type="stmt"/>
        <line num="33" count="1" type="cond" truecount="1" falsecount="1"/>
        <line num="34" count="1" type="cond" truecount="1" falsecount="1"/>
      </file>
      <file name="useRouter.ts" path="/Users/jonaskennedy/code/tanstack-svelte-start-adapter/packages/svelte-router/src/hooks/useRouter.ts">
        <metrics statements="3" coveredstatements="3" conditionals="3" coveredconditionals="3" methods="1" coveredmethods="1"/>
        <line num="19" count="10" type="stmt"/>
        <line num="20" count="10" type="stmt"/>
        <line num="24" count="10" type="stmt"/>
      </file>
      <file name="useRouterState.ts" path="/Users/jonaskennedy/code/tanstack-svelte-start-adapter/packages/svelte-router/src/hooks/useRouterState.ts">
        <metrics statements="3" coveredstatements="3" conditionals="2" coveredconditionals="1" methods="2" coveredmethods="1"/>
        <line num="34" count="11" type="stmt"/>
        <line num="35" count="11" type="cond" truecount="1" falsecount="1"/>
        <line num="36" count="11" type="stmt"/>
      </file>
      <file name="useSearch.ts" path="/Users/jonaskennedy/code/tanstack-svelte-start-adapter/packages/svelte-router/src/hooks/useSearch.ts">
        <metrics statements="3" coveredstatements="3" conditionals="4" coveredconditionals="2" methods="2" coveredmethods="2"/>
        <line num="33" count="2" type="stmt"/>
        <line num="35" count="2" type="cond" truecount="1" falsecount="1"/>
        <line num="36" count="2" type="cond" truecount="1" falsecount="1"/>
      </file>
    </package>
    <package name="src.ssr">
      <metrics statements="10" coveredstatements="10" conditionals="4" coveredconditionals="2" methods="3" coveredmethods="3"/>
      <file name="client.ts" path="/Users/jonaskennedy/code/tanstack-svelte-start-adapter/packages/svelte-router/src/ssr/client.ts">
        <metrics statements="0" coveredstatements="0" conditionals="0" coveredconditionals="0" methods="0" coveredmethods="0"/>
      </file>
      <file name="server.ts" path="/Users/jonaskennedy/code/tanstack-svelte-start-adapter/packages/svelte-router/src/ssr/server.ts">
        <metrics statements="10" coveredstatements="10" conditionals="4" coveredconditionals="2" methods="3" coveredmethods="3"/>
        <line num="33" count="6" type="stmt"/>
        <line num="37" count="6" type="stmt"/>
        <line num="39" count="6" type="stmt"/>
        <line num="60" count="3" type="stmt"/>
        <line num="64" count="3" type="stmt"/>
        <line num="67" count="3" type="stmt"/>
        <line num="68" count="3" type="stmt"/>
        <line num="70" count="3" type="stmt"/>
        <line num="71" count="3" type="stmt"/>
        <line num="75" count="3" type="stmt"/>
      </file>
    </package>
  </project>
</coverage>
