{"/Users/jonaskennedy/code/tanstack-svelte-start-adapter/packages/svelte-router/src/fileRoute.ts": {"path":"/Users/jonaskennedy/code/tanstack-svelte-start-adapter/packages/svelte-router/src/fileRoute.ts","statementMap":{"0":{"start":{"line":107,"column":16},"end":{"line":111,"column":null}},"1":{"start":{"line":101,"column":11},"end":{"line":101,"column":null}},"2":{"start":{"line":104,"column":4},"end":{"line":104,"column":null}},"3":{"start":{"line":108,"column":10},"end":{"line":108,"column":null}},"4":{"start":{"line":109,"column":5},"end":{"line":109,"column":null}},"5":{"start":{"line":110,"column":4},"end":{"line":110,"column":null}},"6":{"start":{"line":137,"column":2},"end":{"line":141,"column":null}},"7":{"start":{"line":138,"column":4},"end":{"line":140,"column":null}},"8":{"start":{"line":142,"column":2},"end":{"line":144,"column":null}},"9":{"start":{"line":174,"column":42},"end":{"line":179,"column":null}},"10":{"start":{"line":181,"column":56},"end":{"line":186,"column":null}},"11":{"start":{"line":188,"column":44},"end":{"line":193,"column":null}},"12":{"start":{"line":195,"column":44},"end":{"line":200,"column":null}},"13":{"start":{"line":202,"column":52},"end":{"line":204,"column":null}},"14":{"start":{"line":206,"column":52},"end":{"line":208,"column":null}},"15":{"start":{"line":210,"column":16},"end":{"line":215,"column":null}},"16":{"start":{"line":171,"column":4},"end":{"line":171,"column":null}},"17":{"start":{"line":175,"column":4},"end":{"line":178,"column":null}},"18":{"start":{"line":182,"column":4},"end":{"line":185,"column":null}},"19":{"start":{"line":184,"column":27},"end":{"line":184,"column":null}},"20":{"start":{"line":189,"column":4},"end":{"line":192,"column":null}},"21":{"start":{"line":196,"column":4},"end":{"line":199,"column":null}},"22":{"start":{"line":203,"column":4},"end":{"line":203,"column":null}},"23":{"start":{"line":207,"column":4},"end":{"line":207,"column":null}},"24":{"start":{"line":211,"column":10},"end":{"line":211,"column":null}},"25":{"start":{"line":212,"column":4},"end":{"line":214,"column":null}},"26":{"start":{"line":231,"column":2},"end":{"line":233,"column":null}},"27":{"start":{"line":232,"column":4},"end":{"line":232,"column":null}},"28":{"start":{"line":235,"column":2},"end":{"line":235,"column":null}},"29":{"start":{"line":235,"column":37},"end":{"line":235,"column":null}},"30":{"start":{"line":250,"column":2},"end":{"line":255,"column":null}},"31":{"start":{"line":251,"column":4},"end":{"line":254,"column":null}}},"fnMap":{"0":{"name":"(anonymous_0)","decl":{"start":{"line":100,"column":2},"end":{"line":100,"column":null}},"loc":{"start":{"line":103,"column":4},"end":{"line":105,"column":null}},"line":103},"1":{"name":"(anonymous_1)","decl":{"start":{"line":107,"column":16},"end":{"line":107,"column":17}},"loc":{"start":{"line":107,"column":40},"end":{"line":111,"column":null}},"line":107},"2":{"name":"createFileRoute","decl":{"start":{"line":126,"column":16},"end":{"line":126,"column":null}},"loc":{"start":{"line":135,"column":76},"end":{"line":145,"column":null}},"line":135},"3":{"name":"(anonymous_3)","decl":{"start":{"line":170,"column":2},"end":{"line":170,"column":14}},"loc":{"start":{"line":170,"column":55},"end":{"line":172,"column":null}},"line":170},"4":{"name":"(anonymous_4)","decl":{"start":{"line":174,"column":42},"end":{"line":174,"column":43}},"loc":{"start":{"line":174,"column":52},"end":{"line":179,"column":null}},"line":174},"5":{"name":"(anonymous_5)","decl":{"start":{"line":181,"column":56},"end":{"line":181,"column":57}},"loc":{"start":{"line":181,"column":66},"end":{"line":186,"column":null}},"line":181},"6":{"name":"(anonymous_6)","decl":{"start":{"line":184,"column":14},"end":{"line":184,"column":15}},"loc":{"start":{"line":184,"column":27},"end":{"line":184,"column":null}},"line":184},"7":{"name":"(anonymous_7)","decl":{"start":{"line":188,"column":44},"end":{"line":188,"column":45}},"loc":{"start":{"line":188,"column":54},"end":{"line":193,"column":null}},"line":188},"8":{"name":"(anonymous_8)","decl":{"start":{"line":195,"column":44},"end":{"line":195,"column":45}},"loc":{"start":{"line":195,"column":54},"end":{"line":200,"column":null}},"line":195},"9":{"name":"(anonymous_9)","decl":{"start":{"line":202,"column":52},"end":{"line":202,"column":53}},"loc":{"start":{"line":202,"column":62},"end":{"line":204,"column":null}},"line":202},"10":{"name":"(anonymous_10)","decl":{"start":{"line":206,"column":52},"end":{"line":206,"column":53}},"loc":{"start":{"line":206,"column":62},"end":{"line":208,"column":null}},"line":206},"11":{"name":"(anonymous_11)","decl":{"start":{"line":210,"column":16},"end":{"line":210,"column":61}},"loc":{"start":{"line":210,"column":61},"end":{"line":215,"column":null}},"line":210},"12":{"name":"createLazyFileRoute","decl":{"start":{"line":225,"column":16},"end":{"line":225,"column":null}},"loc":{"start":{"line":229,"column":64},"end":{"line":236,"column":null}},"line":229},"13":{"name":"(anonymous_13)","decl":{"start":{"line":235,"column":9},"end":{"line":235,"column":10}},"loc":{"start":{"line":235,"column":37},"end":{"line":235,"column":null}},"line":235},"14":{"name":"createLazyRoute","decl":{"start":{"line":245,"column":16},"end":{"line":245,"column":null}},"loc":{"start":{"line":249,"column":61},"end":{"line":256,"column":null}},"line":249},"15":{"name":"(anonymous_15)","decl":{"start":{"line":250,"column":9},"end":{"line":250,"column":10}},"loc":{"start":{"line":250,"column":37},"end":{"line":255,"column":null}},"line":250}},"branchMap":{"0":{"loc":{"start":{"line":137,"column":2},"end":{"line":141,"column":null}},"type":"if","locations":[{"start":{"line":137,"column":2},"end":{"line":141,"column":null}},{"start":{},"end":{}}],"line":137},"1":{"loc":{"start":{"line":184,"column":27},"end":{"line":184,"column":null}},"type":"cond-expr","locations":[{"start":{"line":184,"column":42},"end":{"line":184,"column":67}},{"start":{"line":184,"column":67},"end":{"line":184,"column":null}}],"line":184},"2":{"loc":{"start":{"line":231,"column":2},"end":{"line":233,"column":null}},"type":"if","locations":[{"start":{"line":231,"column":2},"end":{"line":233,"column":null}},{"start":{},"end":{}}],"line":231}},"s":{"0":3,"1":4,"2":4,"3":3,"4":3,"5":3,"6":4,"7":0,"8":4,"9":0,"10":0,"11":0,"12":0,"13":0,"14":0,"15":0,"16":18,"17":0,"18":0,"19":0,"20":0,"21":0,"22":0,"23":0,"24":0,"25":0,"26":2,"27":0,"28":2,"29":1,"30":18,"31":17},"f":{"0":4,"1":3,"2":4,"3":18,"4":0,"5":0,"6":0,"7":0,"8":0,"9":0,"10":0,"11":0,"12":2,"13":1,"14":18,"15":17},"b":{"0":[0,4],"1":[0,0],"2":[0,2]},"meta":{"lastBranch":3,"lastFunction":16,"lastStatement":32,"seen":{"s:107:16:111:Infinity":0,"f:100:2:100:Infinity":0,"s:101:11:101:Infinity":1,"s:104:4:104:Infinity":2,"f:107:16:107:17":1,"s:108:10:108:Infinity":3,"s:109:5:109:Infinity":4,"s:110:4:110:Infinity":5,"f:126:16:126:Infinity":2,"b:137:2:141:Infinity:undefined:undefined:undefined:undefined":0,"s:137:2:141:Infinity":6,"s:138:4:140:Infinity":7,"s:142:2:144:Infinity":8,"s:174:42:179:Infinity":9,"s:181:56:186:Infinity":10,"s:188:44:193:Infinity":11,"s:195:44:200:Infinity":12,"s:202:52:204:Infinity":13,"s:206:52:208:Infinity":14,"s:210:16:215:Infinity":15,"f:170:2:170:14":3,"s:171:4:171:Infinity":16,"f:174:42:174:43":4,"s:175:4:178:Infinity":17,"f:181:56:181:57":5,"s:182:4:185:Infinity":18,"f:184:14:184:15":6,"s:184:27:184:Infinity":19,"b:184:42:184:67:184:67:184:Infinity":1,"f:188:44:188:45":7,"s:189:4:192:Infinity":20,"f:195:44:195:45":8,"s:196:4:199:Infinity":21,"f:202:52:202:53":9,"s:203:4:203:Infinity":22,"f:206:52:206:53":10,"s:207:4:207:Infinity":23,"f:210:16:210:61":11,"s:211:10:211:Infinity":24,"s:212:4:214:Infinity":25,"f:225:16:225:Infinity":12,"b:231:2:233:Infinity:undefined:undefined:undefined:undefined":2,"s:231:2:233:Infinity":26,"s:232:4:232:Infinity":27,"s:235:2:235:Infinity":28,"f:235:9:235:10":13,"s:235:37:235:Infinity":29,"f:245:16:245:Infinity":14,"s:250:2:255:Infinity":30,"f:250:9:250:10":15,"s:251:4:254:Infinity":31}}}
,"/Users/jonaskennedy/code/tanstack-svelte-start-adapter/packages/svelte-router/src/link.ts": {"path":"/Users/jonaskennedy/code/tanstack-svelte-start-adapter/packages/svelte-router/src/link.ts","statementMap":{"0":{"start":{"line":51,"column":2},"end":{"line":51,"column":null}}},"fnMap":{"0":{"name":"linkOptions","decl":{"start":{"line":40,"column":16},"end":{"line":40,"column":null}},"loc":{"start":{"line":50,"column":26},"end":{"line":52,"column":null}},"line":50}},"branchMap":{},"s":{"0":4},"f":{"0":4},"b":{},"meta":{"lastBranch":0,"lastFunction":1,"lastStatement":1,"seen":{"f:40:16:40:Infinity":0,"s:51:2:51:Infinity":0}}}
,"/Users/jonaskennedy/code/tanstack-svelte-start-adapter/packages/svelte-router/src/route.ts": {"path":"/Users/jonaskennedy/code/tanstack-svelte-start-adapter/packages/svelte-router/src/route.ts","statementMap":{"0":{"start":{"line":196,"column":33},"end":{"line":201,"column":null}},"1":{"start":{"line":203,"column":47},"end":{"line":209,"column":null}},"2":{"start":{"line":211,"column":35},"end":{"line":216,"column":null}},"3":{"start":{"line":218,"column":35},"end":{"line":223,"column":null}},"4":{"start":{"line":225,"column":43},"end":{"line":227,"column":null}},"5":{"start":{"line":229,"column":43},"end":{"line":231,"column":null}},"6":{"start":{"line":233,"column":16},"end":{"line":235,"column":null}},"7":{"start":{"line":193,"column":4},"end":{"line":193,"column":null}},"8":{"start":{"line":197,"column":4},"end":{"line":200,"column":null}},"9":{"start":{"line":204,"column":4},"end":{"line":208,"column":null}},"10":{"start":{"line":207,"column":27},"end":{"line":207,"column":null}},"11":{"start":{"line":212,"column":4},"end":{"line":215,"column":null}},"12":{"start":{"line":219,"column":4},"end":{"line":222,"column":null}},"13":{"start":{"line":226,"column":4},"end":{"line":226,"column":null}},"14":{"start":{"line":230,"column":4},"end":{"line":230,"column":null}},"15":{"start":{"line":234,"column":4},"end":{"line":234,"column":null}},"16":{"start":{"line":274,"column":41},"end":{"line":279,"column":null}},"17":{"start":{"line":281,"column":55},"end":{"line":287,"column":null}},"18":{"start":{"line":289,"column":43},"end":{"line":294,"column":null}},"19":{"start":{"line":296,"column":43},"end":{"line":301,"column":null}},"20":{"start":{"line":303,"column":51},"end":{"line":305,"column":null}},"21":{"start":{"line":307,"column":51},"end":{"line":309,"column":null}},"22":{"start":{"line":311,"column":16},"end":{"line":313,"column":null}},"23":{"start":{"line":271,"column":4},"end":{"line":271,"column":null}},"24":{"start":{"line":275,"column":4},"end":{"line":278,"column":null}},"25":{"start":{"line":282,"column":4},"end":{"line":286,"column":null}},"26":{"start":{"line":285,"column":27},"end":{"line":285,"column":null}},"27":{"start":{"line":290,"column":4},"end":{"line":293,"column":null}},"28":{"start":{"line":297,"column":4},"end":{"line":300,"column":null}},"29":{"start":{"line":304,"column":4},"end":{"line":304,"column":null}},"30":{"start":{"line":308,"column":4},"end":{"line":308,"column":null}},"31":{"start":{"line":312,"column":4},"end":{"line":312,"column":null}},"32":{"start":{"line":397,"column":2},"end":{"line":397,"column":null}},"33":{"start":{"line":439,"column":2},"end":{"line":451,"column":null}},"34":{"start":{"line":459,"column":2},"end":{"line":492,"column":null}},"35":{"start":{"line":481,"column":4},"end":{"line":491,"column":null}},"36":{"start":{"line":498,"column":36},"end":{"line":498,"column":null}},"37":{"start":{"line":537,"column":4},"end":{"line":540,"column":null}},"38":{"start":{"line":559,"column":33},"end":{"line":564,"column":null}},"39":{"start":{"line":566,"column":47},"end":{"line":571,"column":null}},"40":{"start":{"line":573,"column":35},"end":{"line":578,"column":null}},"41":{"start":{"line":580,"column":35},"end":{"line":585,"column":null}},"42":{"start":{"line":587,"column":43},"end":{"line":589,"column":null}},"43":{"start":{"line":591,"column":43},"end":{"line":593,"column":null}},"44":{"start":{"line":595,"column":16},"end":{"line":602,"column":null}},"45":{"start":{"line":556,"column":4},"end":{"line":556,"column":null}},"46":{"start":{"line":560,"column":4},"end":{"line":563,"column":null}},"47":{"start":{"line":567,"column":4},"end":{"line":570,"column":null}},"48":{"start":{"line":569,"column":27},"end":{"line":569,"column":null}},"49":{"start":{"line":574,"column":4},"end":{"line":577,"column":null}},"50":{"start":{"line":581,"column":4},"end":{"line":584,"column":null}},"51":{"start":{"line":588,"column":4},"end":{"line":588,"column":null}},"52":{"start":{"line":592,"column":4},"end":{"line":592,"column":null}},"53":{"start":{"line":598,"column":10},"end":{"line":598,"column":null}},"54":{"start":{"line":599,"column":4},"end":{"line":601,"column":null}},"55":{"start":{"line":613,"column":2},"end":{"line":613,"column":null}}},"fnMap":{"0":{"name":"(anonymous_0)","decl":{"start":{"line":192,"column":2},"end":{"line":192,"column":14}},"loc":{"start":{"line":192,"column":29},"end":{"line":194,"column":null}},"line":192},"1":{"name":"(anonymous_1)","decl":{"start":{"line":196,"column":33},"end":{"line":196,"column":34}},"loc":{"start":{"line":196,"column":43},"end":{"line":201,"column":null}},"line":196},"2":{"name":"(anonymous_2)","decl":{"start":{"line":203,"column":47},"end":{"line":203,"column":48}},"loc":{"start":{"line":203,"column":58},"end":{"line":209,"column":null}},"line":203},"3":{"name":"(anonymous_3)","decl":{"start":{"line":207,"column":14},"end":{"line":207,"column":15}},"loc":{"start":{"line":207,"column":27},"end":{"line":207,"column":null}},"line":207},"4":{"name":"(anonymous_4)","decl":{"start":{"line":211,"column":35},"end":{"line":211,"column":36}},"loc":{"start":{"line":211,"column":45},"end":{"line":216,"column":null}},"line":211},"5":{"name":"(anonymous_5)","decl":{"start":{"line":218,"column":35},"end":{"line":218,"column":36}},"loc":{"start":{"line":218,"column":45},"end":{"line":223,"column":null}},"line":218},"6":{"name":"(anonymous_6)","decl":{"start":{"line":225,"column":43},"end":{"line":225,"column":44}},"loc":{"start":{"line":225,"column":53},"end":{"line":227,"column":null}},"line":225},"7":{"name":"(anonymous_7)","decl":{"start":{"line":229,"column":43},"end":{"line":229,"column":44}},"loc":{"start":{"line":229,"column":53},"end":{"line":231,"column":null}},"line":229},"8":{"name":"(anonymous_8)","decl":{"start":{"line":233,"column":16},"end":{"line":233,"column":52}},"loc":{"start":{"line":233,"column":52},"end":{"line":235,"column":null}},"line":233},"9":{"name":"(anonymous_9)","decl":{"start":{"line":270,"column":2},"end":{"line":270,"column":14}},"loc":{"start":{"line":270,"column":29},"end":{"line":272,"column":null}},"line":270},"10":{"name":"(anonymous_10)","decl":{"start":{"line":274,"column":41},"end":{"line":274,"column":42}},"loc":{"start":{"line":274,"column":51},"end":{"line":279,"column":null}},"line":274},"11":{"name":"(anonymous_11)","decl":{"start":{"line":281,"column":55},"end":{"line":281,"column":56}},"loc":{"start":{"line":281,"column":65},"end":{"line":287,"column":null}},"line":281},"12":{"name":"(anonymous_12)","decl":{"start":{"line":285,"column":14},"end":{"line":285,"column":15}},"loc":{"start":{"line":285,"column":27},"end":{"line":285,"column":null}},"line":285},"13":{"name":"(anonymous_13)","decl":{"start":{"line":289,"column":43},"end":{"line":289,"column":44}},"loc":{"start":{"line":289,"column":53},"end":{"line":294,"column":null}},"line":289},"14":{"name":"(anonymous_14)","decl":{"start":{"line":296,"column":43},"end":{"line":296,"column":44}},"loc":{"start":{"line":296,"column":53},"end":{"line":301,"column":null}},"line":296},"15":{"name":"(anonymous_15)","decl":{"start":{"line":303,"column":51},"end":{"line":303,"column":52}},"loc":{"start":{"line":303,"column":61},"end":{"line":305,"column":null}},"line":303},"16":{"name":"(anonymous_16)","decl":{"start":{"line":307,"column":51},"end":{"line":307,"column":52}},"loc":{"start":{"line":307,"column":61},"end":{"line":309,"column":null}},"line":307},"17":{"name":"(anonymous_17)","decl":{"start":{"line":311,"column":16},"end":{"line":311,"column":46}},"loc":{"start":{"line":311,"column":46},"end":{"line":313,"column":null}},"line":311},"18":{"name":"createRoute","decl":{"start":{"line":337,"column":16},"end":{"line":337,"column":null}},"loc":{"start":{"line":396,"column":2},"end":{"line":398,"column":null}},"line":396},"19":{"name":"createRootRoute","decl":{"start":{"line":404,"column":16},"end":{"line":404,"column":null}},"loc":{"start":{"line":438,"column":2},"end":{"line":452,"column":null}},"line":438},"20":{"name":"createRootRouteWithContext","decl":{"start":{"line":458,"column":16},"end":{"line":458,"column":72}},"loc":{"start":{"line":458,"column":72},"end":{"line":493,"column":null}},"line":458},"21":{"name":"(anonymous_21)","decl":{"start":{"line":459,"column":9},"end":{"line":459,"column":null}},"loc":{"start":{"line":480,"column":7},"end":{"line":492,"column":null}},"line":480},"22":{"name":"(anonymous_22)","decl":{"start":{"line":536,"column":2},"end":{"line":536,"column":14}},"loc":{"start":{"line":536,"column":29},"end":{"line":541,"column":null}},"line":536},"23":{"name":"(anonymous_23)","decl":{"start":{"line":555,"column":2},"end":{"line":555,"column":14}},"loc":{"start":{"line":555,"column":35},"end":{"line":557,"column":null}},"line":555},"24":{"name":"(anonymous_24)","decl":{"start":{"line":559,"column":33},"end":{"line":559,"column":34}},"loc":{"start":{"line":559,"column":43},"end":{"line":564,"column":null}},"line":559},"25":{"name":"(anonymous_25)","decl":{"start":{"line":566,"column":47},"end":{"line":566,"column":48}},"loc":{"start":{"line":566,"column":57},"end":{"line":571,"column":null}},"line":566},"26":{"name":"(anonymous_26)","decl":{"start":{"line":569,"column":14},"end":{"line":569,"column":15}},"loc":{"start":{"line":569,"column":27},"end":{"line":569,"column":null}},"line":569},"27":{"name":"(anonymous_27)","decl":{"start":{"line":573,"column":35},"end":{"line":573,"column":36}},"loc":{"start":{"line":573,"column":45},"end":{"line":578,"column":null}},"line":573},"28":{"name":"(anonymous_28)","decl":{"start":{"line":580,"column":35},"end":{"line":580,"column":36}},"loc":{"start":{"line":580,"column":45},"end":{"line":585,"column":null}},"line":580},"29":{"name":"(anonymous_29)","decl":{"start":{"line":587,"column":43},"end":{"line":587,"column":44}},"loc":{"start":{"line":587,"column":53},"end":{"line":589,"column":null}},"line":587},"30":{"name":"(anonymous_30)","decl":{"start":{"line":591,"column":43},"end":{"line":591,"column":44}},"loc":{"start":{"line":591,"column":53},"end":{"line":593,"column":null}},"line":591},"31":{"name":"(anonymous_31)","decl":{"start":{"line":595,"column":16},"end":{"line":595,"column":null}},"loc":{"start":{"line":597,"column":7},"end":{"line":602,"column":null}},"line":597},"32":{"name":"getRouteApi","decl":{"start":{"line":612,"column":16},"end":{"line":612,"column":48}},"loc":{"start":{"line":612,"column":57},"end":{"line":614,"column":null}},"line":612}},"branchMap":{"0":{"loc":{"start":{"line":207,"column":27},"end":{"line":207,"column":null}},"type":"cond-expr","locations":[{"start":{"line":207,"column":42},"end":{"line":207,"column":67}},{"start":{"line":207,"column":67},"end":{"line":207,"column":null}}],"line":207},"1":{"loc":{"start":{"line":285,"column":27},"end":{"line":285,"column":null}},"type":"cond-expr","locations":[{"start":{"line":285,"column":42},"end":{"line":285,"column":67}},{"start":{"line":285,"column":67},"end":{"line":285,"column":null}}],"line":285},"2":{"loc":{"start":{"line":569,"column":27},"end":{"line":569,"column":null}},"type":"cond-expr","locations":[{"start":{"line":569,"column":42},"end":{"line":569,"column":67}},{"start":{"line":569,"column":67},"end":{"line":569,"column":null}}],"line":569}},"s":{"0":0,"1":0,"2":0,"3":0,"4":0,"5":0,"6":0,"7":529,"8":0,"9":0,"10":0,"11":0,"12":0,"13":0,"14":0,"15":0,"16":0,"17":0,"18":0,"19":0,"20":0,"21":0,"22":0,"23":180,"24":0,"25":0,"26":0,"27":0,"28":0,"29":0,"30":0,"31":0,"32":524,"33":180,"34":4,"35":3,"36":11,"37":5,"38":0,"39":0,"40":0,"41":0,"42":0,"43":0,"44":0,"45":12,"46":0,"47":0,"48":0,"49":0,"50":0,"51":0,"52":0,"53":0,"54":0,"55":3},"f":{"0":529,"1":0,"2":0,"3":0,"4":0,"5":0,"6":0,"7":0,"8":0,"9":180,"10":0,"11":0,"12":0,"13":0,"14":0,"15":0,"16":0,"17":0,"18":524,"19":180,"20":4,"21":3,"22":5,"23":12,"24":0,"25":0,"26":0,"27":0,"28":0,"29":0,"30":0,"31":0,"32":3},"b":{"0":[0,0],"1":[0,0],"2":[0,0]},"meta":{"lastBranch":3,"lastFunction":33,"lastStatement":56,"seen":{"s:196:33:201:Infinity":0,"s:203:47:209:Infinity":1,"s:211:35:216:Infinity":2,"s:218:35:223:Infinity":3,"s:225:43:227:Infinity":4,"s:229:43:231:Infinity":5,"s:233:16:235:Infinity":6,"f:192:2:192:14":0,"s:193:4:193:Infinity":7,"f:196:33:196:34":1,"s:197:4:200:Infinity":8,"f:203:47:203:48":2,"s:204:4:208:Infinity":9,"f:207:14:207:15":3,"s:207:27:207:Infinity":10,"b:207:42:207:67:207:67:207:Infinity":0,"f:211:35:211:36":4,"s:212:4:215:Infinity":11,"f:218:35:218:36":5,"s:219:4:222:Infinity":12,"f:225:43:225:44":6,"s:226:4:226:Infinity":13,"f:229:43:229:44":7,"s:230:4:230:Infinity":14,"f:233:16:233:52":8,"s:234:4:234:Infinity":15,"s:274:41:279:Infinity":16,"s:281:55:287:Infinity":17,"s:289:43:294:Infinity":18,"s:296:43:301:Infinity":19,"s:303:51:305:Infinity":20,"s:307:51:309:Infinity":21,"s:311:16:313:Infinity":22,"f:270:2:270:14":9,"s:271:4:271:Infinity":23,"f:274:41:274:42":10,"s:275:4:278:Infinity":24,"f:281:55:281:56":11,"s:282:4:286:Infinity":25,"f:285:14:285:15":12,"s:285:27:285:Infinity":26,"b:285:42:285:67:285:67:285:Infinity":1,"f:289:43:289:44":13,"s:290:4:293:Infinity":27,"f:296:43:296:44":14,"s:297:4:300:Infinity":28,"f:303:51:303:52":15,"s:304:4:304:Infinity":29,"f:307:51:307:52":16,"s:308:4:308:Infinity":30,"f:311:16:311:46":17,"s:312:4:312:Infinity":31,"f:337:16:337:Infinity":18,"s:397:2:397:Infinity":32,"f:404:16:404:Infinity":19,"s:439:2:451:Infinity":33,"f:458:16:458:72":20,"s:459:2:492:Infinity":34,"f:459:9:459:Infinity":21,"s:481:4:491:Infinity":35,"s:498:36:498:Infinity":36,"f:536:2:536:14":22,"s:537:4:540:Infinity":37,"s:559:33:564:Infinity":38,"s:566:47:571:Infinity":39,"s:573:35:578:Infinity":40,"s:580:35:585:Infinity":41,"s:587:43:589:Infinity":42,"s:591:43:593:Infinity":43,"s:595:16:602:Infinity":44,"f:555:2:555:14":23,"s:556:4:556:Infinity":45,"f:559:33:559:34":24,"s:560:4:563:Infinity":46,"f:566:47:566:48":25,"s:567:4:570:Infinity":47,"f:569:14:569:15":26,"s:569:27:569:Infinity":48,"b:569:42:569:67:569:67:569:Infinity":2,"f:573:35:573:36":27,"s:574:4:577:Infinity":49,"f:580:35:580:36":28,"s:581:4:584:Infinity":50,"f:587:43:587:44":29,"s:588:4:588:Infinity":51,"f:591:43:591:44":30,"s:592:4:592:Infinity":52,"f:595:16:595:Infinity":31,"s:598:10:598:Infinity":53,"s:599:4:601:Infinity":54,"f:612:16:612:48":32,"s:613:2:613:Infinity":55}}}
,"/Users/jonaskennedy/code/tanstack-svelte-start-adapter/packages/svelte-router/src/router.ts": {"path":"/Users/jonaskennedy/code/tanstack-svelte-start-adapter/packages/svelte-router/src/router.ts","statementMap":{"0":{"start":{"line":77,"column":44},"end":{"line":79,"column":null}},"1":{"start":{"line":78,"column":2},"end":{"line":78,"column":null}},"2":{"start":{"line":88,"column":0},"end":{"line":94,"column":null}},"3":{"start":{"line":89,"column":3},"end":{"line":89,"column":null}},"4":{"start":{"line":90,"column":3},"end":{"line":90,"column":null}},"5":{"start":{"line":91,"column":0},"end":{"line":94,"column":null}},"6":{"start":{"line":92,"column":3},"end":{"line":92,"column":null}},"7":{"start":{"line":93,"column":3},"end":{"line":93,"column":null}}},"fnMap":{"0":{"name":"(anonymous_0)","decl":{"start":{"line":77,"column":44},"end":{"line":77,"column":45}},"loc":{"start":{"line":77,"column":57},"end":{"line":79,"column":null}},"line":77}},"branchMap":{"0":{"loc":{"start":{"line":88,"column":0},"end":{"line":94,"column":null}},"type":"if","locations":[{"start":{"line":88,"column":0},"end":{"line":94,"column":null}},{"start":{"line":91,"column":0},"end":{"line":94,"column":null}}],"line":88},"1":{"loc":{"start":{"line":91,"column":0},"end":{"line":94,"column":null}},"type":"if","locations":[{"start":{"line":91,"column":0},"end":{"line":94,"column":null}},{"start":{},"end":{}}],"line":91}},"s":{"0":11,"1":156,"2":11,"3":11,"4":11,"5":0,"6":0,"7":0},"f":{"0":156},"b":{"0":[11,0],"1":[0,0]},"meta":{"lastBranch":2,"lastFunction":1,"lastStatement":8,"seen":{"s:77:44:79:Infinity":0,"f:77:44:77:45":0,"s:78:2:78:Infinity":1,"b:88:0:94:Infinity:91:0:94:Infinity":0,"s:88:0:94:Infinity":2,"s:89:3:89:Infinity":3,"s:90:3:90:Infinity":4,"b:91:0:94:Infinity:undefined:undefined:undefined:undefined":1,"s:91:0:94:Infinity":5,"s:92:3:92:Infinity":6,"s:93:3:93:Infinity":7}}}
,"/Users/jonaskennedy/code/tanstack-svelte-start-adapter/packages/svelte-router/src/svelte-shims.d.ts": {"path":"/Users/jonaskennedy/code/tanstack-svelte-start-adapter/packages/svelte-router/src/svelte-shims.d.ts","statementMap":{},"fnMap":{},"branchMap":{},"s":{},"f":{},"b":{},"meta":{"lastBranch":0,"lastFunction":0,"lastStatement":0,"seen":{}}}
,"/Users/jonaskennedy/code/tanstack-svelte-start-adapter/packages/svelte-router/src/components/Link.svelte": {"path":"/Users/jonaskennedy/code/tanstack-svelte-start-adapter/packages/svelte-router/src/components/Link.svelte","statementMap":{"0":{"start":{"line":54,"column":12},"end":{"line":54,"column":null}},"1":{"start":{"line":65,"column":7},"end":{"line":65,"column":null}},"2":{"start":{"line":113,"column":14},"end":{"line":113,"column":null}},"3":{"start":{"line":114,"column":16},"end":{"line":114,"column":null}},"4":{"start":{"line":117,"column":21},"end":{"line":117,"column":null}},"5":{"start":{"line":120,"column":16},"end":{"line":127,"column":null}},"6":{"start":{"line":131,"column":10},"end":{"line":139,"column":null}},"7":{"start":{"line":133,"column":4},"end":{"line":133,"column":null}},"8":{"start":{"line":134,"column":8},"end":{"line":138,"column":null}},"9":{"start":{"line":135,"column":13},"end":{"line":135,"column":null}},"10":{"start":{"line":137,"column":13},"end":{"line":137,"column":null}},"11":{"start":{"line":142,"column":10},"end":{"line":147,"column":null}},"12":{"start":{"line":143,"column":8},"end":{"line":143,"column":null}},"13":{"start":{"line":143,"column":16},"end":{"line":143,"column":null}},"14":{"start":{"line":144,"column":9},"end":{"line":144,"column":null}},"15":{"start":{"line":144,"column":13},"end":{"line":144,"column":null}},"16":{"start":{"line":145,"column":13},"end":{"line":145,"column":null}},"17":{"start":{"line":146,"column":12},"end":{"line":146,"column":null}},"18":{"start":{"line":150,"column":14},"end":{"line":189,"column":null}},"19":{"start":{"line":151,"column":9},"end":{"line":151,"column":null}},"20":{"start":{"line":151,"column":13},"end":{"line":151,"column":null}},"21":{"start":{"line":153,"column":14},"end":{"line":153,"column":null}},"22":{"start":{"line":154,"column":8},"end":{"line":188,"column":null}},"23":{"start":{"line":155,"column":25},"end":{"line":168,"column":null}},"24":{"start":{"line":156,"column":23},"end":{"line":159,"column":null}},"25":{"start":{"line":161,"column":13},"end":{"line":161,"column":null}},"26":{"start":{"line":161,"column":22},"end":{"line":161,"column":null}},"27":{"start":{"line":163,"column":28},"end":{"line":165,"column":null}},"28":{"start":{"line":167,"column":13},"end":{"line":167,"column":null}},"29":{"start":{"line":167,"column":24},"end":{"line":167,"column":null}},"30":{"start":{"line":171,"column":25},"end":{"line":178,"column":null}},"31":{"start":{"line":173,"column":30},"end":{"line":173,"column":47}},"32":{"start":{"line":174,"column":26},"end":{"line":174,"column":40}},"33":{"start":{"line":175,"column":12},"end":{"line":177,"column":null}},"34":{"start":{"line":176,"column":17},"end":{"line":176,"column":null}},"35":{"start":{"line":181,"column":25},"end":{"line":183,"column":null}},"36":{"start":{"line":182,"column":12},"end":{"line":182,"column":null}},"37":{"start":{"line":182,"column":41},"end":{"line":182,"column":null}},"38":{"start":{"line":185,"column":13},"end":{"line":185,"column":null}},"39":{"start":{"line":187,"column":13},"end":{"line":187,"column":null}},"40":{"start":{"line":192,"column":46},"end":{"line":193,"column":null}},"41":{"start":{"line":195,"column":48},"end":{"line":196,"column":null}},"42":{"start":{"line":196,"column":4},"end":{"line":196,"column":null}},"43":{"start":{"line":200,"column":19},"end":{"line":209,"column":null}},"44":{"start":{"line":201,"column":17},"end":{"line":207,"column":null}},"45":{"start":{"line":208,"column":11},"end":{"line":208,"column":null}},"46":{"start":{"line":212,"column":19},"end":{"line":234,"column":null}},"47":{"start":{"line":213,"column":14},"end":{"line":213,"column":null}},"48":{"start":{"line":214,"column":21},"end":{"line":214,"column":50}},"49":{"start":{"line":215,"column":23},"end":{"line":215,"column":54}},"50":{"start":{"line":217,"column":9},"end":{"line":217,"column":null}},"51":{"start":{"line":217,"column":47},"end":{"line":217,"column":null}},"52":{"start":{"line":221,"column":13},"end":{"line":226,"column":null}},"53":{"start":{"line":225,"column":14},"end":{"line":225,"column":null}},"54":{"start":{"line":230,"column":10},"end":{"line":232,"column":null}},"55":{"start":{"line":237,"column":22},"end":{"line":238,"column":null}},"56":{"start":{"line":240,"column":27},"end":{"line":241,"column":null}},"57":{"start":{"line":240,"column":27},"end":{"line":241,"column":60}},"58":{"start":{"line":248,"column":16},"end":{"line":261,"column":null}},"59":{"start":{"line":263,"column":35},"end":{"line":263,"column":null}},"60":{"start":{"line":264,"column":15},"end":{"line":268,"column":null}},"61":{"start":{"line":265,"column":11},"end":{"line":267,"column":null}},"62":{"start":{"line":266,"column":8},"end":{"line":266,"column":null}},"63":{"start":{"line":269,"column":11},"end":{"line":269,"column":null}},"64":{"start":{"line":273,"column":4},"end":{"line":273,"column":null}},"65":{"start":{"line":277,"column":14},"end":{"line":277,"column":null}},"66":{"start":{"line":280,"column":6},"end":{"line":290,"column":null}},"67":{"start":{"line":295,"column":4},"end":{"line":295,"column":null}},"68":{"start":{"line":298,"column":4},"end":{"line":298,"column":null}},"69":{"start":{"line":299,"column":18},"end":{"line":302,"column":null}},"70":{"start":{"line":300,"column":6},"end":{"line":300,"column":null}},"71":{"start":{"line":301,"column":6},"end":{"line":301,"column":null}},"72":{"start":{"line":304,"column":4},"end":{"line":311,"column":null}},"73":{"start":{"line":316,"column":19},"end":{"line":316,"column":null}},"74":{"start":{"line":318,"column":8},"end":{"line":322,"column":null}},"75":{"start":{"line":319,"column":6},"end":{"line":321,"column":null}},"76":{"start":{"line":320,"column":8},"end":{"line":320,"column":null}},"77":{"start":{"line":326,"column":19},"end":{"line":326,"column":null}},"78":{"start":{"line":328,"column":8},"end":{"line":331,"column":null}},"79":{"start":{"line":329,"column":6},"end":{"line":329,"column":null}},"80":{"start":{"line":330,"column":6},"end":{"line":330,"column":null}},"81":{"start":{"line":335,"column":14},"end":{"line":335,"column":null}},"82":{"start":{"line":337,"column":8},"end":{"line":339,"column":null}},"83":{"start":{"line":338,"column":6},"end":{"line":338,"column":null}},"84":{"start":{"line":343,"column":19},"end":{"line":343,"column":null}},"85":{"start":{"line":345,"column":8},"end":{"line":347,"column":null}},"86":{"start":{"line":346,"column":6},"end":{"line":346,"column":null}},"87":{"start":{"line":351,"column":1},"end":{"line":351,"column":null}},"88":{"start":{"line":368,"column":13},"end":{"line":371,"column":null}},"89":{"start":{"line":369,"column":40},"end":{"line":369,"column":null}},"90":{"start":{"line":370,"column":11},"end":{"line":370,"column":null}},"91":{"start":{"line":372,"column":13},"end":{"line":375,"column":null}},"92":{"start":{"line":373,"column":40},"end":{"line":373,"column":null}},"93":{"start":{"line":374,"column":11},"end":{"line":374,"column":null}},"94":{"start":{"line":117,"column":31},"end":{"line":117,"column":36}},"95":{"start":{"line":145,"column":17},"end":{"line":145,"column":52}},"96":{"start":{"line":155,"column":10},"end":{"line":168,"column":null}},"97":{"start":{"line":171,"column":10},"end":{"line":178,"column":null}},"98":{"start":{"line":174,"column":29},"end":{"line":174,"column":40}},"99":{"start":{"line":181,"column":10},"end":{"line":183,"column":null}},"100":{"start":{"line":193,"column":4},"end":{"line":193,"column":null}},"101":{"start":{"line":213,"column":17},"end":{"line":213,"column":22}},"102":{"start":{"line":214,"column":24},"end":{"line":214,"column":50}},"103":{"start":{"line":215,"column":26},"end":{"line":215,"column":54}},"104":{"start":{"line":238,"column":4},"end":{"line":238,"column":70}},"105":{"start":{"line":241,"column":4},"end":{"line":241,"column":60}},"106":{"start":{"line":277,"column":4},"end":{"line":277,"column":null}},"107":{"start":{"line":293,"column":8},"end":{"line":293,"column":null}},"108":{"start":{"line":293,"column":22},"end":{"line":293,"column":null}},"109":{"start":{"line":316,"column":4},"end":{"line":316,"column":null}},"110":{"start":{"line":326,"column":4},"end":{"line":326,"column":null}},"111":{"start":{"line":335,"column":4},"end":{"line":335,"column":null}},"112":{"start":{"line":343,"column":4},"end":{"line":343,"column":null}},"113":{"start":{"line":369,"column":45},"end":{"line":369,"column":64}},"114":{"start":{"line":373,"column":45},"end":{"line":373,"column":66}},"115":{"start":{"line":377,"column":7},"end":{"line":378,"column":null}},"116":{"start":{"line":378,"column":13},"end":{"line":378,"column":null}}},"fnMap":{"0":{"name":"Link","decl":{"start":{"line":19,"column":0},"end":{"line":19,"column":null}},"loc":{"start":{"line":19,"column":0},"end":{"line":349,"column":null}},"line":19},"1":{"name":"(anonymous_1)","decl":{"start":{"line":131,"column":31},"end":{"line":131,"column":null}},"loc":{"start":{"line":131,"column":31},"end":{"line":139,"column":3}},"line":131},"2":{"name":"(anonymous_2)","decl":{"start":{"line":142,"column":31},"end":{"line":142,"column":null}},"loc":{"start":{"line":142,"column":31},"end":{"line":147,"column":3}},"line":142},"3":{"name":"(anonymous_3)","decl":{"start":{"line":150,"column":35},"end":{"line":150,"column":null}},"loc":{"start":{"line":150,"column":35},"end":{"line":189,"column":3}},"line":150},"4":{"name":"(anonymous_4)","decl":{"start":{"line":192,"column":46},"end":{"line":192,"column":null}},"loc":{"start":{"line":192,"column":46},"end":{"line":193,"column":null}},"line":192},"5":{"name":"(anonymous_5)","decl":{"start":{"line":196,"column":4},"end":{"line":196,"column":12}},"loc":{"start":{"line":196,"column":4},"end":{"line":196,"column":null}},"line":196},"6":{"name":"(anonymous_6)","decl":{"start":{"line":200,"column":40},"end":{"line":200,"column":null}},"loc":{"start":{"line":200,"column":40},"end":{"line":209,"column":3}},"line":200},"7":{"name":"(anonymous_7)","decl":{"start":{"line":212,"column":40},"end":{"line":212,"column":null}},"loc":{"start":{"line":212,"column":40},"end":{"line":234,"column":3}},"line":212},"8":{"name":"(anonymous_8)","decl":{"start":{"line":240,"column":27},"end":{"line":240,"column":null}},"loc":{"start":{"line":240,"column":27},"end":{"line":241,"column":60}},"line":240},"9":{"name":"getSafeRestProps","decl":{"start":{"line":247,"column":11},"end":{"line":247,"column":27}},"loc":{"start":{"line":247,"column":30},"end":{"line":270,"column":null}},"line":247},"10":{"name":"doPreload","decl":{"start":{"line":272,"column":11},"end":{"line":272,"column":20}},"loc":{"start":{"line":272,"column":23},"end":{"line":274,"column":null}},"line":272},"11":{"name":"(anonymous_11)","decl":{"start":{"line":273,"column":48},"end":{"line":273,"column":55}},"loc":{"start":{"line":273,"column":55},"end":{"line":273,"column":57}},"line":273},"12":{"name":"handleClick","decl":{"start":{"line":276,"column":11},"end":{"line":276,"column":22}},"loc":{"start":{"line":276,"column":38},"end":{"line":313,"column":null}},"line":276},"13":{"name":"(anonymous_13)","decl":{"start":{"line":299,"column":47},"end":{"line":299,"column":55}},"loc":{"start":{"line":299,"column":55},"end":{"line":302,"column":5}},"line":299},"14":{"name":"handleMouseEnter","decl":{"start":{"line":315,"column":11},"end":{"line":315,"column":27}},"loc":{"start":{"line":315,"column":43},"end":{"line":323,"column":null}},"line":315},"15":{"name":"(anonymous_15)","decl":{"start":{"line":319,"column":40},"end":{"line":319,"column":null}},"loc":{"start":{"line":319,"column":40},"end":{"line":321,"column":7}},"line":319},"16":{"name":"handleMouseLeave","decl":{"start":{"line":325,"column":11},"end":{"line":325,"column":27}},"loc":{"start":{"line":325,"column":43},"end":{"line":332,"column":null}},"line":325},"17":{"name":"handleFocus","decl":{"start":{"line":334,"column":11},"end":{"line":334,"column":22}},"loc":{"start":{"line":334,"column":38},"end":{"line":340,"column":null}},"line":334},"18":{"name":"handleTouchStart","decl":{"start":{"line":342,"column":11},"end":{"line":342,"column":27}},"loc":{"start":{"line":342,"column":43},"end":{"line":348,"column":null}},"line":342},"19":{"name":"(anonymous_19)","decl":{"start":{"line":368,"column":13},"end":{"line":368,"column":null}},"loc":{"start":{"line":368,"column":13},"end":{"line":371,"column":null}},"line":368},"20":{"name":"(anonymous_20)","decl":{"start":{"line":372,"column":13},"end":{"line":372,"column":null}},"loc":{"start":{"line":372,"column":13},"end":{"line":375,"column":null}},"line":372},"21":{"name":"(anonymous_16)","decl":{"start":{"line":368,"column":13},"end":{"line":368,"column":null}},"loc":{"start":{"line":368,"column":13},"end":{"line":371,"column":3}},"line":368},"22":{"name":"(anonymous_17)","decl":{"start":{"line":372,"column":13},"end":{"line":372,"column":null}},"loc":{"start":{"line":372,"column":13},"end":{"line":375,"column":3}},"line":372}},"branchMap":{"0":{"loc":{"start":{"line":143,"column":8},"end":{"line":143,"column":null}},"type":"if","locations":[{"start":{"line":143,"column":8},"end":{"line":143,"column":null}},{"start":{},"end":{}}],"line":143},"1":{"loc":{"start":{"line":144,"column":9},"end":{"line":144,"column":null}},"type":"if","locations":[{"start":{"line":144,"column":9},"end":{"line":144,"column":null}},{"start":{},"end":{}}],"line":144},"2":{"loc":{"start":{"line":145,"column":13},"end":{"line":145,"column":null}},"type":"binary-expr","locations":[{"start":{"line":145,"column":13},"end":{"line":145,"column":44}},{"start":{"line":145,"column":44},"end":{"line":145,"column":null}}],"line":145},"3":{"loc":{"start":{"line":146,"column":12},"end":{"line":146,"column":null}},"type":"binary-expr","locations":[{"start":{"line":146,"column":12},"end":{"line":146,"column":34}},{"start":{"line":146,"column":38},"end":{"line":146,"column":46}},{"start":{"line":146,"column":46},"end":{"line":146,"column":null}}],"line":146},"4":{"loc":{"start":{"line":151,"column":9},"end":{"line":151,"column":null}},"type":"if","locations":[{"start":{"line":151,"column":9},"end":{"line":151,"column":null}},{"start":{},"end":{}}],"line":151},"5":{"loc":{"start":{"line":155,"column":25},"end":{"line":168,"column":null}},"type":"if","locations":[{"start":{"line":155,"column":25},"end":{"line":168,"column":null}},{"start":{"line":162,"column":13},"end":{"line":168,"column":null}}],"line":155},"6":{"loc":{"start":{"line":161,"column":13},"end":{"line":161,"column":null}},"type":"if","locations":[{"start":{"line":161,"column":13},"end":{"line":161,"column":null}},{"start":{},"end":{}}],"line":161},"7":{"loc":{"start":{"line":167,"column":13},"end":{"line":167,"column":null}},"type":"if","locations":[{"start":{"line":167,"column":13},"end":{"line":167,"column":null}},{"start":{},"end":{}}],"line":167},"8":{"loc":{"start":{"line":171,"column":25},"end":{"line":178,"column":null}},"type":"if","locations":[{"start":{"line":171,"column":25},"end":{"line":178,"column":null}},{"start":{},"end":{}}],"line":171},"9":{"loc":{"start":{"line":175,"column":12},"end":{"line":177,"column":null}},"type":"if","locations":[{"start":{"line":175,"column":12},"end":{"line":177,"column":null}},{"start":{},"end":{}}],"line":175},"10":{"loc":{"start":{"line":181,"column":25},"end":{"line":183,"column":null}},"type":"if","locations":[{"start":{"line":181,"column":25},"end":{"line":183,"column":null}},{"start":{},"end":{}}],"line":181},"11":{"loc":{"start":{"line":182,"column":12},"end":{"line":182,"column":null}},"type":"if","locations":[{"start":{"line":182,"column":12},"end":{"line":182,"column":null}},{"start":{},"end":{}}],"line":182},"12":{"loc":{"start":{"line":192,"column":46},"end":{"line":193,"column":null}},"type":"cond-expr","locations":[{"start":{"line":193,"column":12},"end":{"line":193,"column":null}},{"start":{"line":193,"column":32},"end":{"line":193,"column":null}}],"line":192},"13":{"loc":{"start":{"line":196,"column":21},"end":{"line":196,"column":null}},"type":"binary-expr","locations":[{"start":{"line":196,"column":21},"end":{"line":196,"column":null}},{"start":{"line":196,"column":37},"end":{"line":196,"column":null}}],"line":196},"14":{"loc":{"start":{"line":208,"column":11},"end":{"line":208,"column":31}},"type":"binary-expr","locations":[{"start":{"line":208,"column":11},"end":{"line":208,"column":18}},{"start":{"line":208,"column":22},"end":{"line":208,"column":31}}],"line":208},"15":{"loc":{"start":{"line":217,"column":9},"end":{"line":217,"column":null}},"type":"if","locations":[{"start":{"line":217,"column":9},"end":{"line":217,"column":null}},{"start":{},"end":{}}],"line":217},"16":{"loc":{"start":{"line":217,"column":9},"end":{"line":217,"column":47}},"type":"binary-expr","locations":[{"start":{"line":217,"column":9},"end":{"line":217,"column":13}},{"start":{"line":217,"column":13},"end":{"line":217,"column":29}},{"start":{"line":217,"column":29},"end":{"line":217,"column":47}}],"line":217},"17":{"loc":{"start":{"line":221,"column":13},"end":{"line":226,"column":null}},"type":"if","locations":[{"start":{"line":221,"column":13},"end":{"line":226,"column":null}},{"start":{},"end":{}}],"line":221},"18":{"loc":{"start":{"line":221,"column":13},"end":{"line":223,"column":null}},"type":"binary-expr","locations":[{"start":{"line":221,"column":13},"end":{"line":221,"column":null}},{"start":{"line":221,"column":30},"end":{"line":222,"column":null}},{"start":{"line":222,"column":37},"end":{"line":223,"column":null}}],"line":221},"19":{"loc":{"start":{"line":238,"column":41},"end":{"line":238,"column":70}},"type":"binary-expr","locations":[{"start":{"line":238,"column":41},"end":{"line":238,"column":47}},{"start":{"line":238,"column":41},"end":{"line":238,"column":70}}],"line":238},"20":{"loc":{"start":{"line":240,"column":27},"end":{"line":241,"column":60}},"type":"binary-expr","locations":[{"start":{"line":240,"column":27},"end":{"line":240,"column":null}},{"start":{"line":241,"column":20},"end":{"line":241,"column":54}},{"start":{"line":241,"column":58},"end":{"line":241,"column":60}}],"line":240},"21":{"loc":{"start":{"line":265,"column":11},"end":{"line":267,"column":null}},"type":"if","locations":[{"start":{"line":265,"column":11},"end":{"line":267,"column":null}},{"start":{},"end":{}}],"line":265},"22":{"loc":{"start":{"line":280,"column":6},"end":{"line":290,"column":null}},"type":"if","locations":[{"start":{"line":280,"column":6},"end":{"line":290,"column":null}},{"start":{},"end":{}}],"line":280},"23":{"loc":{"start":{"line":280,"column":6},"end":{"line":287,"column":null}},"type":"binary-expr","locations":[{"start":{"line":280,"column":6},"end":{"line":280,"column":24}},{"start":{"line":281,"column":6},"end":{"line":281,"column":null}},{"start":{"line":282,"column":6},"end":{"line":282,"column":15}},{"start":{"line":283,"column":6},"end":{"line":283,"column":14}},{"start":{"line":284,"column":6},"end":{"line":284,"column":15}},{"start":{"line":285,"column":6},"end":{"line":285,"column":16}},{"start":{"line":285,"column":16},"end":{"line":286,"column":null}},{"start":{"line":286,"column":20},"end":{"line":286,"column":null}},{"start":{"line":286,"column":20},"end":{"line":287,"column":null}}],"line":280},"24":{"loc":{"start":{"line":318,"column":8},"end":{"line":322,"column":null}},"type":"if","locations":[{"start":{"line":318,"column":8},"end":{"line":322,"column":null}},{"start":{},"end":{}}],"line":318},"25":{"loc":{"start":{"line":328,"column":8},"end":{"line":331,"column":null}},"type":"if","locations":[{"start":{"line":328,"column":8},"end":{"line":331,"column":null}},{"start":{},"end":{}}],"line":328},"26":{"loc":{"start":{"line":337,"column":8},"end":{"line":339,"column":null}},"type":"if","locations":[{"start":{"line":337,"column":8},"end":{"line":339,"column":null}},{"start":{},"end":{}}],"line":337},"27":{"loc":{"start":{"line":345,"column":8},"end":{"line":347,"column":null}},"type":"if","locations":[{"start":{"line":345,"column":8},"end":{"line":347,"column":null}},{"start":{},"end":{}}],"line":345},"28":{"loc":{"start":{"line":356,"column":15},"end":{"line":356,"column":46}},"type":"cond-expr","locations":[{"start":{"line":356,"column":26},"end":{"line":356,"column":34}},{"start":{"line":356,"column":37},"end":{"line":356,"column":46}}],"line":356},"29":{"loc":{"start":{"line":357,"column":22},"end":{"line":357,"column":67}},"type":"cond-expr","locations":[{"start":{"line":357,"column":40},"end":{"line":357,"column":55}},{"start":{"line":357,"column":58},"end":{"line":357,"column":67}}],"line":357},"30":{"loc":{"start":{"line":358,"column":16},"end":{"line":358,"column":45}},"type":"cond-expr","locations":[{"start":{"line":358,"column":27},"end":{"line":358,"column":33}},{"start":{"line":358,"column":36},"end":{"line":358,"column":45}}],"line":358},"31":{"loc":{"start":{"line":359,"column":17},"end":{"line":359,"column":38}},"type":"binary-expr","locations":[{"start":{"line":359,"column":17},"end":{"line":359,"column":29}},{"start":{"line":359,"column":29},"end":{"line":359,"column":38}}],"line":359},"32":{"loc":{"start":{"line":360,"column":8},"end":{"line":360,"column":37}},"type":"cond-expr","locations":[{"start":{"line":360,"column":19},"end":{"line":360,"column":25}},{"start":{"line":360,"column":28},"end":{"line":360,"column":37}}],"line":360},"33":{"loc":{"start":{"line":361,"column":12},"end":{"line":361,"column":37}},"type":"cond-expr","locations":[{"start":{"line":361,"column":20},"end":{"line":361,"column":25}},{"start":{"line":361,"column":28},"end":{"line":361,"column":37}}],"line":361},"34":{"loc":{"start":{"line":54,"column":4},"end":{"line":54,"column":20}},"type":"default-arg","locations":[{"start":{"line":54,"column":15},"end":{"line":54,"column":20}}],"line":54},"35":{"loc":{"start":{"line":145,"column":17},"end":{"line":145,"column":52}},"type":"binary-expr","locations":[{"start":{"line":145,"column":17},"end":{"line":145,"column":44}},{"start":{"line":145,"column":48},"end":{"line":145,"column":52}}],"line":145},"36":{"loc":{"start":{"line":155,"column":10},"end":{"line":168,"column":null}},"type":"if","locations":[{"start":{"line":155,"column":10},"end":{"line":168,"column":null}},{"start":{"line":162,"column":13},"end":{"line":168,"column":null}}],"line":155},"37":{"loc":{"start":{"line":171,"column":10},"end":{"line":178,"column":null}},"type":"if","locations":[{"start":{"line":171,"column":10},"end":{"line":178,"column":null}},{"start":{},"end":{}}],"line":171},"38":{"loc":{"start":{"line":181,"column":10},"end":{"line":183,"column":null}},"type":"if","locations":[{"start":{"line":181,"column":10},"end":{"line":183,"column":null}},{"start":{},"end":{}}],"line":181},"39":{"loc":{"start":{"line":196,"column":4},"end":{"line":196,"column":null}},"type":"cond-expr","locations":[{"start":{"line":196,"column":12},"end":{"line":196,"column":21}},{"start":{"line":196,"column":12},"end":{"line":196,"column":null}}],"line":196},"40":{"loc":{"start":{"line":196,"column":12},"end":{"line":196,"column":null}},"type":"binary-expr","locations":[{"start":{"line":196,"column":12},"end":{"line":196,"column":null}},{"start":{"line":196,"column":51},"end":{"line":196,"column":null}}],"line":196},"41":{"loc":{"start":{"line":221,"column":13},"end":{"line":223,"column":38}},"type":"binary-expr","locations":[{"start":{"line":221,"column":13},"end":{"line":221,"column":30}},{"start":{"line":221,"column":30},"end":{"line":222,"column":37}},{"start":{"line":222,"column":37},"end":{"line":223,"column":38}}],"line":221},"42":{"loc":{"start":{"line":238,"column":4},"end":{"line":238,"column":70}},"type":"cond-expr","locations":[{"start":{"line":238,"column":21},"end":{"line":238,"column":26}},{"start":{"line":238,"column":30},"end":{"line":238,"column":70}}],"line":238},"43":{"loc":{"start":{"line":238,"column":30},"end":{"line":238,"column":70}},"type":"binary-expr","locations":[{"start":{"line":238,"column":30},"end":{"line":238,"column":37}},{"start":{"line":238,"column":41},"end":{"line":238,"column":70}}],"line":238},"44":{"loc":{"start":{"line":241,"column":4},"end":{"line":241,"column":60}},"type":"binary-expr","locations":[{"start":{"line":241,"column":4},"end":{"line":241,"column":16}},{"start":{"line":241,"column":20},"end":{"line":241,"column":54}},{"start":{"line":241,"column":58},"end":{"line":241,"column":60}}],"line":241},"45":{"loc":{"start":{"line":293,"column":8},"end":{"line":293,"column":null}},"type":"if","locations":[{"start":{"line":293,"column":8},"end":{"line":293,"column":null}},{"start":{},"end":{}}],"line":293},"46":{"loc":{"start":{"line":359,"column":17},"end":{"line":359,"column":38}},"type":"binary-expr","locations":[{"start":{"line":359,"column":17},"end":{"line":359,"column":25}},{"start":{"line":359,"column":29},"end":{"line":359,"column":38}}],"line":359},"47":{"loc":{"start":{"line":377,"column":7},"end":{"line":378,"column":null}},"type":"if","locations":[{"start":{"line":377,"column":7},"end":{"line":378,"column":null}}],"line":377}},"s":{"0":101,"1":101,"2":101,"3":101,"4":101,"5":101,"6":101,"7":249,"8":249,"9":249,"10":0,"11":101,"12":249,"13":3,"14":246,"15":0,"16":246,"17":249,"18":101,"19":249,"20":0,"21":249,"22":249,"23":249,"24":1,"25":1,"26":1,"27":248,"28":248,"29":169,"30":79,"31":1,"32":1,"33":1,"34":0,"35":79,"36":1,"37":0,"38":79,"39":0,"40":127,"41":101,"42":127,"43":101,"44":198,"45":198,"46":101,"47":198,"48":198,"49":198,"50":198,"51":196,"52":2,"53":2,"54":0,"55":101,"56":101,"57":2,"58":101,"59":101,"60":101,"61":0,"62":0,"63":101,"64":4,"65":9,"66":9,"67":5,"68":5,"69":5,"70":0,"71":0,"72":5,"73":10,"74":10,"75":2,"76":1,"77":1,"78":1,"79":1,"80":1,"81":10,"82":10,"83":2,"84":1,"85":1,"86":1,"87":101,"88":127,"89":127,"90":127,"91":127,"92":127,"93":127,"94":101,"95":246,"96":249,"97":249,"98":1,"99":249,"100":127,"101":198,"102":198,"103":198,"104":101,"105":2,"106":0,"107":0,"108":0,"109":0,"110":0,"111":0,"112":0,"113":127,"114":127,"115":0,"116":0},"f":{"0":101,"1":249,"2":249,"3":249,"4":127,"5":127,"6":198,"7":198,"8":2,"9":101,"10":4,"11":0,"12":9,"13":0,"14":10,"15":1,"16":1,"17":10,"18":1,"19":254,"20":254,"21":254,"22":254},"b":{"0":[3,246],"1":[0,246],"2":[246,246],"3":[249,0,0],"4":[0,249],"5":[1,248],"6":[1,0],"7":[169,79],"8":[1,78],"9":[0,1],"10":[1,78],"11":[0,1],"12":[86,123],"13":[84,80],"14":[198,191],"15":[196,2],"16":[198,196,196],"17":[2,0],"18":[2,0,0],"19":[13,9],"20":[2,0,0],"21":[0,0],"22":[3,6],"23":[9,9,8,7,7,7,7,7,1],"24":[2,8],"25":[1,0],"26":[2,8],"27":[1,0],"28":[43,84],"29":[5,122],"30":[43,84],"31":[127,124],"32":[3,124],"33":[3,124],"34":[0],"35":[246,246],"36":[0,0],"37":[0,0],"38":[0,0],"39":[43,0],"40":[43,0],"41":[2,0,0],"42":[0,0],"43":[0,0],"44":[2,0,0],"45":[0,0],"46":[127,124],"47":[0,null]},"meta":{"lastBranch":35,"lastFunction":21,"lastStatement":94,"seen":{"f:19:0:19:Infinity":0,"s:54:12:54:Infinity":0,"s:65:7:65:Infinity":1,"s:113:14:113:Infinity":2,"s:114:16:114:Infinity":3,"s:117:21:117:Infinity":4,"s:120:16:127:Infinity":5,"s:131:10:139:Infinity":6,"f:131:31:131:Infinity":1,"s:133:4:133:Infinity":7,"s:134:8:138:Infinity":8,"s:135:13:135:Infinity":9,"s:137:13:137:Infinity":10,"s:142:10:147:Infinity":11,"f:142:31:142:Infinity":2,"b:143:8:143:Infinity:undefined:undefined:undefined:undefined":0,"s:143:8:143:Infinity":12,"s:143:16:143:Infinity":13,"b:144:9:144:Infinity:undefined:undefined:undefined:undefined":1,"s:144:9:144:Infinity":14,"s:144:13:144:Infinity":15,"s:145:13:145:Infinity":16,"b:145:13:145:44:145:44:145:Infinity":2,"s:146:12:146:Infinity":17,"b:146:12:146:34:146:38:146:46:146:46:146:Infinity":3,"s:150:14:189:Infinity":18,"f:150:35:150:Infinity":3,"b:151:9:151:Infinity:undefined:undefined:undefined:undefined":4,"s:151:9:151:Infinity":19,"s:151:13:151:Infinity":20,"s:153:14:153:Infinity":21,"s:154:8:188:Infinity":22,"b:155:25:168:Infinity:162:13:168:Infinity":5,"s:155:25:168:Infinity":23,"s:156:23:159:Infinity":24,"b:161:13:161:Infinity:undefined:undefined:undefined:undefined":6,"s:161:13:161:Infinity":25,"s:161:22:161:Infinity":26,"s:163:28:165:Infinity":27,"b:167:13:167:Infinity:undefined:undefined:undefined:undefined":7,"s:167:13:167:Infinity":28,"s:167:24:167:Infinity":29,"b:171:25:178:Infinity:undefined:undefined:undefined:undefined":8,"s:171:25:178:Infinity":30,"s:173:30:173:47":31,"s:174:26:174:40":32,"b:175:12:177:Infinity:undefined:undefined:undefined:undefined":9,"s:175:12:177:Infinity":33,"s:176:17:176:Infinity":34,"b:181:25:183:Infinity:undefined:undefined:undefined:undefined":10,"s:181:25:183:Infinity":35,"b:182:12:182:Infinity:undefined:undefined:undefined:undefined":11,"s:182:12:182:Infinity":36,"s:182:41:182:Infinity":37,"s:185:13:185:Infinity":38,"s:187:13:187:Infinity":39,"s:192:46:193:Infinity":40,"f:192:46:192:Infinity":4,"b:193:12:193:Infinity:193:32:193:Infinity":12,"s:195:48:196:Infinity":41,"f:196:4:196:12":5,"s:196:4:196:Infinity":42,"b:196:21:196:Infinity":13,"b:196:21:196:Infinity:196:37:196:Infinity":14,"s:200:19:209:Infinity":43,"f:200:40:200:Infinity":6,"s:201:17:207:Infinity":44,"s:208:11:208:Infinity":45,"b:208:11:208:18:208:22:208:31":15,"s:212:19:234:Infinity":46,"f:212:40:212:Infinity":7,"s:213:14:213:Infinity":47,"s:214:21:214:50":48,"s:215:23:215:54":49,"b:217:9:217:Infinity:undefined:undefined:undefined:undefined":16,"s:217:9:217:Infinity":50,"b:217:9:217:13:217:13:217:29:217:29:217:47":17,"s:217:47:217:Infinity":51,"b:221:13:226:Infinity:undefined:undefined:undefined:undefined":18,"s:221:13:226:Infinity":52,"b:221:13:221:Infinity:221:30:222:Infinity:222:37:223:Infinity":19,"s:225:14:225:Infinity":53,"s:230:10:232:Infinity":54,"s:237:22:238:Infinity":55,"b:238:41:238:47:238:41:238:70":20,"s:240:27:241:Infinity":56,"f:240:27:240:Infinity":8,"s:240:27:241:60":57,"b:240:27:240:Infinity:241:20:241:54:241:58:241:60":21,"f:247:11:247:27":9,"s:248:16:261:Infinity":58,"s:263:35:263:Infinity":59,"s:264:15:268:Infinity":60,"b:265:11:267:Infinity:undefined:undefined:undefined:undefined":22,"s:265:11:267:Infinity":61,"s:266:8:266:Infinity":62,"s:269:11:269:Infinity":63,"f:272:11:272:20":10,"s:273:4:273:Infinity":64,"f:273:48:273:55":11,"f:276:11:276:22":12,"s:277:14:277:Infinity":65,"b:280:6:290:Infinity:undefined:undefined:undefined:undefined":23,"s:280:6:290:Infinity":66,"b:280:6:280:24:281:6:281:Infinity:282:6:282:15:283:6:283:14:284:6:284:15:285:6:285:16:285:16:286:Infinity:286:20:286:Infinity:286:20:287:Infinity":24,"s:295:4:295:Infinity":67,"s:298:4:298:Infinity":68,"s:299:18:302:Infinity":69,"f:299:47:299:55":13,"s:300:6:300:Infinity":70,"s:301:6:301:Infinity":71,"s:304:4:311:Infinity":72,"f:315:11:315:27":14,"s:316:19:316:Infinity":73,"b:318:8:322:Infinity:undefined:undefined:undefined:undefined":25,"s:318:8:322:Infinity":74,"s:319:6:321:Infinity":75,"f:319:40:319:Infinity":15,"s:320:8:320:Infinity":76,"f:325:11:325:27":16,"s:326:19:326:Infinity":77,"b:328:8:331:Infinity:undefined:undefined:undefined:undefined":26,"s:328:8:331:Infinity":78,"s:329:6:329:Infinity":79,"s:330:6:330:Infinity":80,"f:334:11:334:22":17,"s:335:14:335:Infinity":81,"b:337:8:339:Infinity:undefined:undefined:undefined:undefined":27,"s:337:8:339:Infinity":82,"s:338:6:338:Infinity":83,"f:342:11:342:27":18,"s:343:19:343:Infinity":84,"b:345:8:347:Infinity:undefined:undefined:undefined:undefined":28,"s:345:8:347:Infinity":85,"s:346:6:346:Infinity":86,"s:351:1:351:Infinity":87,"b:356:26:356:34:356:37:356:46":29,"b:357:40:357:55:357:58:357:67":30,"b:358:27:358:33:358:36:358:45":31,"b:359:17:359:29:359:29:359:38":32,"b:360:19:360:25:360:28:360:37":33,"b:361:20:361:25:361:28:361:37":34,"f:368:13:368:Infinity":19,"s:368:13:371:Infinity":88,"s:369:40:369:Infinity":89,"s:370:11:370:Infinity":90,"f:372:13:372:Infinity":20,"s:372:13:375:Infinity":91,"s:373:40:373:Infinity":92,"s:374:11:374:Infinity":93}}}
,"/Users/jonaskennedy/code/tanstack-svelte-start-adapter/packages/svelte-router/src/components/Match.svelte": {"path":"/Users/jonaskennedy/code/tanstack-svelte-start-adapter/packages/svelte-router/src/components/Match.svelte","statementMap":{"0":{"start":{"line":25,"column":2},"end":{"line":25,"column":null}},"1":{"start":{"line":25,"column":30},"end":{"line":25,"column":null}},"2":{"start":{"line":28,"column":11},"end":{"line":28,"column":null}},"3":{"start":{"line":28,"column":43},"end":{"line":28,"column":null}},"4":{"start":{"line":31,"column":11},"end":{"line":31,"column":null}},"5":{"start":{"line":31,"column":23},"end":{"line":31,"column":75}},"6":{"start":{"line":34,"column":15},"end":{"line":34,"column":null}},"7":{"start":{"line":34,"column":15},"end":{"line":34,"column":52}},"8":{"start":{"line":37,"column":22},"end":{"line":37,"column":null}},"9":{"start":{"line":37,"column":22},"end":{"line":37,"column":66}},"10":{"start":{"line":40,"column":20},"end":{"line":40,"column":null}},"11":{"start":{"line":40,"column":20},"end":{"line":40,"column":62}},"12":{"start":{"line":43,"column":16},"end":{"line":43,"column":null}},"13":{"start":{"line":46,"column":14},"end":{"line":46,"column":null}},"14":{"start":{"line":46,"column":14},"end":{"line":46,"column":38}},"15":{"start":{"line":49,"column":15},"end":{"line":49,"column":null}},"16":{"start":{"line":54,"column":5},"end":{"line":54,"column":null}},"17":{"start":{"line":54,"column":27},"end":{"line":54,"column":null}},"18":{"start":{"line":56,"column":5},"end":{"line":56,"column":null}},"19":{"start":{"line":58,"column":5},"end":{"line":59,"column":null}},"20":{"start":{"line":64,"column":35},"end":{"line":64,"column":null}},"21":{"start":{"line":64,"column":35},"end":{"line":64,"column":36}},"22":{"start":{"line":60,"column":9},"end":{"line":62,"column":null}},"23":{"start":{"line":62,"column":19},"end":{"line":62,"column":null}},"24":{"start":{"line":59,"column":11},"end":{"line":59,"column":null}},"25":{"start":{"line":59,"column":21},"end":{"line":59,"column":null}},"26":{"start":{"line":74,"column":31},"end":{"line":74,"column":null}},"27":{"start":{"line":74,"column":31},"end":{"line":74,"column":32}},"28":{"start":{"line":70,"column":5},"end":{"line":72,"column":null}},"29":{"start":{"line":72,"column":15},"end":{"line":72,"column":null}},"30":{"start":{"line":53,"column":7},"end":{"line":68,"column":null}},"31":{"start":{"line":53,"column":33},"end":{"line":53,"column":null}},"32":{"start":{"line":53,"column":33},"end":{"line":68,"column":null}},"33":{"start":{"line":55,"column":41},"end":{"line":55,"column":null}},"34":{"start":{"line":55,"column":41},"end":{"line":68,"column":null}},"35":{"start":{"line":57,"column":21},"end":{"line":57,"column":null}},"36":{"start":{"line":57,"column":21},"end":{"line":68,"column":null}},"37":{"start":{"line":68,"column":22},"end":{"line":68,"column":null}},"38":{"start":{"line":15,"column":14},"end":{"line":15,"column":null}},"39":{"start":{"line":25,"column":38},"end":{"line":25,"column":45}},"40":{"start":{"line":28,"column":23},"end":{"line":28,"column":null}},"41":{"start":{"line":28,"column":48},"end":{"line":28,"column":64}},"42":{"start":{"line":34,"column":27},"end":{"line":34,"column":52}},"43":{"start":{"line":37,"column":34},"end":{"line":37,"column":66}},"44":{"start":{"line":40,"column":32},"end":{"line":40,"column":62}},"45":{"start":{"line":43,"column":28},"end":{"line":43,"column":null}},"46":{"start":{"line":46,"column":26},"end":{"line":46,"column":38}},"47":{"start":{"line":49,"column":27},"end":{"line":49,"column":54}},"48":{"start":{"line":53,"column":7},"end":{"line":74,"column":null}},"49":{"start":{"line":55,"column":12},"end":{"line":74,"column":null}},"50":{"start":{"line":57,"column":12},"end":{"line":74,"column":null}},"51":{"start":{"line":59,"column":11},"end":{"line":64,"column":null}},"52":{"start":{"line":68,"column":12},"end":{"line":74,"column":null}}},"fnMap":{"0":{"name":"Match","decl":{"start":{"line":5,"column":0},"end":{"line":5,"column":null}},"loc":{"start":{"line":5,"column":0},"end":{"line":50,"column":null}},"line":5},"1":{"name":"(anonymous_1)","decl":{"start":{"line":25,"column":30},"end":{"line":25,"column":null}},"loc":{"start":{"line":25,"column":30},"end":{"line":25,"column":null}},"line":25},"2":{"name":"(anonymous_2)","decl":{"start":{"line":28,"column":11},"end":{"line":28,"column":31}},"loc":{"start":{"line":28,"column":11},"end":{"line":28,"column":null}},"line":28},"3":{"name":"(anonymous_3)","decl":{"start":{"line":28,"column":35},"end":{"line":28,"column":37}},"loc":{"start":{"line":28,"column":43},"end":{"line":28,"column":null}},"line":28},"4":{"name":"(anonymous_4)","decl":{"start":{"line":31,"column":23},"end":{"line":31,"column":28}},"loc":{"start":{"line":31,"column":23},"end":{"line":31,"column":75}},"line":31},"5":{"name":"(anonymous_5)","decl":{"start":{"line":34,"column":15},"end":{"line":34,"column":27}},"loc":{"start":{"line":34,"column":15},"end":{"line":34,"column":52}},"line":34},"6":{"name":"(anonymous_6)","decl":{"start":{"line":37,"column":22},"end":{"line":37,"column":34}},"loc":{"start":{"line":37,"column":22},"end":{"line":37,"column":66}},"line":37},"7":{"name":"(anonymous_7)","decl":{"start":{"line":40,"column":20},"end":{"line":40,"column":32}},"loc":{"start":{"line":40,"column":20},"end":{"line":40,"column":62}},"line":40},"8":{"name":"(anonymous_8)","decl":{"start":{"line":43,"column":16},"end":{"line":43,"column":49}},"loc":{"start":{"line":43,"column":16},"end":{"line":43,"column":null}},"line":43},"9":{"name":"(anonymous_9)","decl":{"start":{"line":46,"column":14},"end":{"line":46,"column":26}},"loc":{"start":{"line":46,"column":14},"end":{"line":46,"column":38}},"line":46},"10":{"name":"(anonymous_10)","decl":{"start":{"line":49,"column":15},"end":{"line":49,"column":27}},"loc":{"start":{"line":49,"column":15},"end":{"line":49,"column":null}},"line":49},"11":{"name":"(anonymous_11)","decl":{"start":{"line":64,"column":35},"end":{"line":64,"column":36}},"loc":{"start":{"line":64,"column":35},"end":{"line":64,"column":36}},"line":64},"12":{"name":"(anonymous_12)","decl":{"start":{"line":60,"column":9},"end":{"line":60,"column":null}},"loc":{"start":{"line":60,"column":9},"end":{"line":62,"column":null}},"line":60},"13":{"name":"(anonymous_13)","decl":{"start":{"line":74,"column":31},"end":{"line":74,"column":32}},"loc":{"start":{"line":74,"column":31},"end":{"line":74,"column":32}},"line":74},"14":{"name":"(anonymous_14)","decl":{"start":{"line":70,"column":5},"end":{"line":70,"column":null}},"loc":{"start":{"line":70,"column":5},"end":{"line":72,"column":null}},"line":70},"15":{"name":"(anonymous_1)","decl":{"start":{"line":25,"column":30},"end":{"line":25,"column":38}},"loc":{"start":{"line":25,"column":38},"end":{"line":25,"column":45}},"line":25},"16":{"name":"(anonymous_2)","decl":{"start":{"line":28,"column":35},"end":{"line":28,"column":37}},"loc":{"start":{"line":28,"column":48},"end":{"line":28,"column":64}},"line":28}},"branchMap":{"0":{"loc":{"start":{"line":31,"column":23},"end":{"line":31,"column":75}},"type":"cond-expr","locations":[{"start":{"line":31,"column":38},"end":{"line":31,"column":66}},{"start":{"line":31,"column":66},"end":{"line":31,"column":75}}],"line":31},"1":{"loc":{"start":{"line":59,"column":11},"end":{"line":59,"column":null}},"type":"if","locations":[{"start":{"line":59,"column":11},"end":{"line":59,"column":null}},{"start":{},"end":{}}],"line":59},"2":{"loc":{"start":{"line":53,"column":7},"end":{"line":68,"column":null}},"type":"if","locations":[{"start":{"line":53,"column":7},"end":{"line":68,"column":null}},{"start":{"line":53,"column":33},"end":{"line":68,"column":null}}],"line":53},"3":{"loc":{"start":{"line":53,"column":7},"end":{"line":53,"column":null}},"type":"binary-expr","locations":[{"start":{"line":53,"column":7},"end":{"line":53,"column":19}},{"start":{"line":53,"column":15},"end":{"line":53,"column":null}}],"line":53},"4":{"loc":{"start":{"line":53,"column":33},"end":{"line":68,"column":null}},"type":"if","locations":[{"start":{"line":53,"column":33},"end":{"line":68,"column":null}},{"start":{"line":55,"column":41},"end":{"line":68,"column":null}}],"line":53},"5":{"loc":{"start":{"line":53,"column":33},"end":{"line":55,"column":null}},"type":"binary-expr","locations":[{"start":{"line":53,"column":33},"end":{"line":55,"column":25}},{"start":{"line":55,"column":21},"end":{"line":55,"column":null}}],"line":53},"6":{"loc":{"start":{"line":55,"column":41},"end":{"line":68,"column":null}},"type":"if","locations":[{"start":{"line":55,"column":41},"end":{"line":68,"column":null}},{"start":{"line":57,"column":21},"end":{"line":68,"column":null}}],"line":55},"7":{"loc":{"start":{"line":57,"column":21},"end":{"line":68,"column":null}},"type":"if","locations":[{"start":{"line":57,"column":21},"end":{"line":68,"column":null}},{"start":{},"end":{}}],"line":57},"8":{"loc":{"start":{"line":31,"column":23},"end":{"line":31,"column":75}},"type":"cond-expr","locations":[{"start":{"line":31,"column":31},"end":{"line":31,"column":66}},{"start":{"line":31,"column":66},"end":{"line":31,"column":75}}],"line":31},"9":{"loc":{"start":{"line":53,"column":7},"end":{"line":74,"column":null}},"type":"if","locations":[{"start":{"line":53,"column":7},"end":{"line":74,"column":null}},{"start":{"line":55,"column":12},"end":{"line":74,"column":null}}],"line":53},"10":{"loc":{"start":{"line":53,"column":7},"end":{"line":53,"column":33}},"type":"binary-expr","locations":[{"start":{"line":53,"column":7},"end":{"line":53,"column":15}},{"start":{"line":53,"column":19},"end":{"line":53,"column":33}}],"line":53},"11":{"loc":{"start":{"line":55,"column":12},"end":{"line":74,"column":null}},"type":"if","locations":[{"start":{"line":55,"column":12},"end":{"line":74,"column":null}},{"start":{"line":57,"column":12},"end":{"line":74,"column":null}}],"line":55},"12":{"loc":{"start":{"line":55,"column":12},"end":{"line":55,"column":41}},"type":"binary-expr","locations":[{"start":{"line":55,"column":12},"end":{"line":55,"column":21}},{"start":{"line":55,"column":25},"end":{"line":55,"column":41}}],"line":55},"13":{"loc":{"start":{"line":57,"column":12},"end":{"line":74,"column":null}},"type":"if","locations":[{"start":{"line":57,"column":12},"end":{"line":74,"column":null}},{"start":{"line":68,"column":12},"end":{"line":74,"column":null}}],"line":57},"14":{"loc":{"start":{"line":59,"column":11},"end":{"line":64,"column":null}},"type":"if","locations":[{"start":{"line":59,"column":11},"end":{"line":64,"column":null}}],"line":59},"15":{"loc":{"start":{"line":68,"column":12},"end":{"line":74,"column":null}},"type":"if","locations":[{"start":{"line":68,"column":12},"end":{"line":74,"column":null}}],"line":68}},"s":{"0":113,"1":98,"2":245,"3":390,"4":113,"5":245,"6":113,"7":131,"8":113,"9":1,"10":113,"11":2,"12":66,"13":113,"14":245,"15":243,"16":2,"17":2,"18":1,"19":81,"20":0,"21":0,"22":0,"23":0,"24":0,"25":0,"26":36,"27":10,"28":36,"29":168,"30":145,"31":2,"32":143,"33":1,"34":142,"35":81,"36":61,"37":52,"38":0,"39":98,"40":245,"41":390,"42":131,"43":1,"44":2,"45":66,"46":245,"47":243,"48":0,"49":0,"50":0,"51":61,"52":0},"f":{"0":113,"1":98,"2":245,"3":390,"4":245,"5":131,"6":1,"7":2,"8":66,"9":245,"10":243,"11":0,"12":0,"13":10,"14":36,"15":98,"16":390},"b":{"0":[245,0],"1":[0,0],"2":[2,143],"3":[145,2],"4":[1,142],"5":[143,1],"6":[81,61],"7":[52,9],"8":[245,0],"9":[0,0],"10":[145,2],"11":[0,0],"12":[143,1],"13":[0,0],"14":[52,9],"15":[0,null]},"meta":{"lastBranch":8,"lastFunction":15,"lastStatement":38,"seen":{"f:5:0:5:Infinity":0,"s:25:2:25:Infinity":0,"f:25:30:25:Infinity":1,"s:25:30:25:Infinity":1,"s:28:11:28:Infinity":2,"f:28:11:28:31":2,"f:28:35:28:37":3,"s:28:43:28:Infinity":3,"s:31:11:31:Infinity":4,"f:31:23:31:28":4,"s:31:23:31:75":5,"b:31:38:31:66:31:66:31:75":0,"s:34:15:34:Infinity":6,"f:34:15:34:27":5,"s:34:15:34:52":7,"s:37:22:37:Infinity":8,"f:37:22:37:34":6,"s:37:22:37:66":9,"s:40:20:40:Infinity":10,"f:40:20:40:32":7,"s:40:20:40:62":11,"s:43:16:43:Infinity":12,"f:43:16:43:49":8,"s:46:14:46:Infinity":13,"f:46:14:46:26":9,"s:46:14:46:38":14,"s:49:15:49:Infinity":15,"f:49:15:49:27":10,"s:54:5:54:Infinity":16,"s:54:27:54:Infinity":17,"s:56:5:56:Infinity":18,"s:58:5:59:Infinity":19,"s:64:35:64:Infinity":20,"f:64:35:64:36":11,"s:64:35:64:36":21,"f:60:9:60:Infinity":12,"s:60:9:62:Infinity":22,"s:62:19:62:Infinity":23,"b:59:11:59:Infinity:undefined:undefined:undefined:undefined":1,"s:59:11:59:Infinity":24,"s:59:21:59:Infinity":25,"s:74:31:74:Infinity":26,"f:74:31:74:32":13,"s:74:31:74:32":27,"f:70:5:70:Infinity":14,"s:70:5:72:Infinity":28,"s:72:15:72:Infinity":29,"b:53:7:68:Infinity:53:33:68:Infinity":2,"s:53:7:68:Infinity":30,"b:53:7:53:19:53:15:53:Infinity":3,"s:53:33:53:Infinity":31,"b:53:33:68:Infinity:55:41:68:Infinity":4,"s:53:33:68:Infinity":32,"b:53:33:55:25:55:21:55:Infinity":5,"s:55:41:55:Infinity":33,"b:55:41:68:Infinity:57:21:68:Infinity":6,"s:55:41:68:Infinity":34,"s:57:21:57:Infinity":35,"b:57:21:68:Infinity:undefined:undefined:undefined:undefined":7,"s:57:21:68:Infinity":36,"s:68:22:68:Infinity":37}}}
,"/Users/jonaskennedy/code/tanstack-svelte-start-adapter/packages/svelte-router/src/components/Matches.svelte": {"path":"/Users/jonaskennedy/code/tanstack-svelte-start-adapter/packages/svelte-router/src/components/Matches.svelte","statementMap":{"0":{"start":{"line":18,"column":13},"end":{"line":18,"column":null}},"1":{"start":{"line":18,"column":13},"end":{"line":18,"column":62}},"2":{"start":{"line":21,"column":16},"end":{"line":21,"column":null}},"3":{"start":{"line":25,"column":3},"end":{"line":25,"column":null}},"4":{"start":{"line":25,"column":27},"end":{"line":25,"column":43}},"5":{"start":{"line":25,"column":43},"end":{"line":25,"column":64}},"6":{"start":{"line":24,"column":5},"end":{"line":24,"column":null}},"7":{"start":{"line":24,"column":15},"end":{"line":24,"column":null}},"8":{"start":{"line":11,"column":9},"end":{"line":11,"column":null}},"9":{"start":{"line":18,"column":25},"end":{"line":18,"column":62}},"10":{"start":{"line":21,"column":28},"end":{"line":21,"column":null}},"11":{"start":{"line":24,"column":5},"end":{"line":25,"column":null}},"12":{"start":{"line":25,"column":10},"end":{"line":25,"column":null}}},"fnMap":{"0":{"name":"Matches","decl":{"start":{"line":5,"column":0},"end":{"line":5,"column":null}},"loc":{"start":{"line":5,"column":0},"end":{"line":22,"column":null}},"line":5},"1":{"name":"(anonymous_1)","decl":{"start":{"line":18,"column":13},"end":{"line":18,"column":31}},"loc":{"start":{"line":18,"column":13},"end":{"line":18,"column":62}},"line":18},"2":{"name":"(anonymous_2)","decl":{"start":{"line":21,"column":16},"end":{"line":21,"column":28}},"loc":{"start":{"line":21,"column":16},"end":{"line":21,"column":null}},"line":21},"3":{"name":"(anonymous_3)","decl":{"start":{"line":25,"column":3},"end":{"line":25,"column":8}},"loc":{"start":{"line":25,"column":3},"end":{"line":25,"column":null}},"line":25}},"branchMap":{"0":{"loc":{"start":{"line":18,"column":13},"end":{"line":18,"column":62}},"type":"binary-expr","locations":[{"start":{"line":18,"column":13},"end":{"line":18,"column":45}},{"start":{"line":18,"column":45},"end":{"line":18,"column":62}}],"line":18},"1":{"loc":{"start":{"line":24,"column":5},"end":{"line":24,"column":null}},"type":"if","locations":[{"start":{"line":24,"column":5},"end":{"line":24,"column":null}},{"start":{},"end":{}}],"line":24},"2":{"loc":{"start":{"line":18,"column":25},"end":{"line":18,"column":62}},"type":"binary-expr","locations":[{"start":{"line":18,"column":25},"end":{"line":18,"column":45}},{"start":{"line":18,"column":49},"end":{"line":18,"column":62}}],"line":18},"3":{"loc":{"start":{"line":24,"column":5},"end":{"line":25,"column":null}},"type":"if","locations":[{"start":{"line":24,"column":5},"end":{"line":25,"column":null}}],"line":24}},"s":{"0":54,"1":116,"2":116,"3":54,"4":296,"5":234,"6":116,"7":116,"8":0,"9":116,"10":116,"11":0,"12":54},"f":{"0":54,"1":116,"2":116,"3":54},"b":{"0":[116,80],"1":[116,0],"2":[116,80],"3":[0,null]},"meta":{"lastBranch":2,"lastFunction":4,"lastStatement":8,"seen":{"f:5:0:5:Infinity":0,"s:18:13:18:Infinity":0,"f:18:13:18:31":1,"s:18:13:18:62":1,"b:18:13:18:45:18:45:18:62":0,"s:21:16:21:Infinity":2,"f:21:16:21:28":2,"f:25:3:25:8":3,"s:25:3:25:Infinity":3,"s:25:27:25:43":4,"s:25:43:25:64":5,"b:24:5:24:Infinity:undefined:undefined:undefined:undefined":1,"s:24:5:24:Infinity":6,"s:24:15:24:Infinity":7}}}
,"/Users/jonaskennedy/code/tanstack-svelte-start-adapter/packages/svelte-router/src/components/Navigate.svelte": {"path":"/Users/jonaskennedy/code/tanstack-svelte-start-adapter/packages/svelte-router/src/components/Navigate.svelte","statementMap":{"0":{"start":{"line":27,"column":11},"end":{"line":27,"column":null}},"1":{"start":{"line":36,"column":14},"end":{"line":36,"column":null}},"2":{"start":{"line":38,"column":2},"end":{"line":46,"column":null}},"3":{"start":{"line":39,"column":4},"end":{"line":44,"column":null}},"4":{"start":{"line":27,"column":18},"end":{"line":27,"column":null}}},"fnMap":{"0":{"name":"Navigate","decl":{"start":{"line":16,"column":0},"end":{"line":16,"column":null}},"loc":{"start":{"line":16,"column":0},"end":{"line":47,"column":null}},"line":16},"1":{"name":"(anonymous_1)","decl":{"start":{"line":38,"column":9},"end":{"line":38,"column":16}},"loc":{"start":{"line":38,"column":16},"end":{"line":46,"column":3}},"line":38}},"branchMap":{"0":{"loc":{"start":{"line":27,"column":4},"end":{"line":27,"column":18}},"type":"default-arg","locations":[{"start":{"line":27,"column":14},"end":{"line":27,"column":18}}],"line":27}},"s":{"0":6,"1":6,"2":6,"3":6,"4":6},"f":{"0":6,"1":6},"b":{"0":[0]},"meta":{"lastBranch":0,"lastFunction":2,"lastStatement":4,"seen":{"f:16:0:16:Infinity":0,"s:27:11:27:Infinity":0,"s:36:14:36:Infinity":1,"s:38:2:46:Infinity":2,"f:38:9:38:16":1,"s:39:4:44:Infinity":3}}}
,"/Users/jonaskennedy/code/tanstack-svelte-start-adapter/packages/svelte-router/src/components/Outlet.svelte": {"path":"/Users/jonaskennedy/code/tanstack-svelte-start-adapter/packages/svelte-router/src/components/Outlet.svelte","statementMap":{"0":{"start":{"line":16,"column":14},"end":{"line":16,"column":null}},"1":{"start":{"line":17,"column":18},"end":{"line":17,"column":null}},"2":{"start":{"line":18,"column":16},"end":{"line":18,"column":null}},"3":{"start":{"line":22,"column":13},"end":{"line":25,"column":null}},"4":{"start":{"line":23,"column":18},"end":{"line":23,"column":null}},"5":{"start":{"line":24,"column":11},"end":{"line":24,"column":null}},"6":{"start":{"line":28,"column":13},"end":{"line":28,"column":null}},"7":{"start":{"line":30,"column":18},"end":{"line":31,"column":null}},"8":{"start":{"line":31,"column":4},"end":{"line":31,"column":66}},"9":{"start":{"line":31,"column":39},"end":{"line":31,"column":65}},"10":{"start":{"line":34,"column":16},"end":{"line":37,"column":null}},"11":{"start":{"line":34,"column":16},"end":{"line":37,"column":17}},"12":{"start":{"line":46,"column":16},"end":{"line":46,"column":null}},"13":{"start":{"line":46,"column":16},"end":{"line":46,"column":32}},"14":{"start":{"line":42,"column":3},"end":{"line":45,"column":null}},"15":{"start":{"line":43,"column":5},"end":{"line":43,"column":null}},"16":{"start":{"line":44,"column":13},"end":{"line":44,"column":null}},"17":{"start":{"line":45,"column":5},"end":{"line":45,"column":null}},"18":{"start":{"line":41,"column":5},"end":{"line":41,"column":null}},"19":{"start":{"line":41,"column":15},"end":{"line":41,"column":null}},"20":{"start":{"line":28,"column":25},"end":{"line":28,"column":null}},"21":{"start":{"line":31,"column":44},"end":{"line":31,"column":60}},"22":{"start":{"line":35,"column":4},"end":{"line":37,"column":17}},"23":{"start":{"line":41,"column":5},"end":{"line":46,"column":null}}},"fnMap":{"0":{"name":"Outlet","decl":{"start":{"line":6,"column":0},"end":{"line":6,"column":null}},"loc":{"start":{"line":6,"column":0},"end":{"line":39,"column":null}},"line":6},"1":{"name":"(anonymous_1)","decl":{"start":{"line":22,"column":34},"end":{"line":22,"column":null}},"loc":{"start":{"line":22,"column":34},"end":{"line":25,"column":3}},"line":22},"2":{"name":"(anonymous_2)","decl":{"start":{"line":31,"column":4},"end":{"line":31,"column":11}},"loc":{"start":{"line":31,"column":4},"end":{"line":31,"column":66}},"line":31},"3":{"name":"(anonymous_3)","decl":{"start":{"line":31,"column":31},"end":{"line":31,"column":33}},"loc":{"start":{"line":31,"column":39},"end":{"line":31,"column":65}},"line":31},"4":{"name":"(anonymous_4)","decl":{"start":{"line":34,"column":16},"end":{"line":34,"column":null}},"loc":{"start":{"line":34,"column":16},"end":{"line":37,"column":17}},"line":34},"5":{"name":"(anonymous_5)","decl":{"start":{"line":46,"column":16},"end":{"line":46,"column":28}},"loc":{"start":{"line":46,"column":16},"end":{"line":46,"column":32}},"line":46},"6":{"name":"(anonymous_6)","decl":{"start":{"line":42,"column":3},"end":{"line":42,"column":null}},"loc":{"start":{"line":42,"column":3},"end":{"line":45,"column":null}},"line":42},"7":{"name":"(anonymous_2)","decl":{"start":{"line":31,"column":31},"end":{"line":31,"column":33}},"loc":{"start":{"line":31,"column":44},"end":{"line":31,"column":60}},"line":31}},"branchMap":{"0":{"loc":{"start":{"line":24,"column":11},"end":{"line":24,"column":48}},"type":"binary-expr","locations":[{"start":{"line":24,"column":11},"end":{"line":24,"column":31}},{"start":{"line":24,"column":35},"end":{"line":24,"column":48}}],"line":24},"1":{"loc":{"start":{"line":31,"column":4},"end":{"line":31,"column":66}},"type":"cond-expr","locations":[{"start":{"line":31,"column":14},"end":{"line":31,"column":65}},{"start":{"line":31,"column":65},"end":{"line":31,"column":66}}],"line":31},"2":{"loc":{"start":{"line":34,"column":16},"end":{"line":37,"column":17}},"type":"cond-expr","locations":[{"start":{"line":35,"column":57},"end":{"line":36,"column":null}},{"start":{"line":37,"column":8},"end":{"line":37,"column":17}}],"line":34},"3":{"loc":{"start":{"line":34,"column":16},"end":{"line":35,"column":null}},"type":"binary-expr","locations":[{"start":{"line":34,"column":16},"end":{"line":35,"column":21}},{"start":{"line":35,"column":21},"end":{"line":35,"column":null}}],"line":34},"4":{"loc":{"start":{"line":41,"column":5},"end":{"line":41,"column":null}},"type":"if","locations":[{"start":{"line":41,"column":5},"end":{"line":41,"column":null}},{"start":{},"end":{}}],"line":41},"5":{"loc":{"start":{"line":35,"column":4},"end":{"line":37,"column":17}},"type":"cond-expr","locations":[{"start":{"line":36,"column":8},"end":{"line":36,"column":null}},{"start":{"line":37,"column":8},"end":{"line":37,"column":17}}],"line":35},"6":{"loc":{"start":{"line":35,"column":4},"end":{"line":35,"column":null}},"type":"binary-expr","locations":[{"start":{"line":35,"col
[...]
,"/Users/jonaskennedy/code/tanstack-svelte-start-adapter/packages/svelte-router/src/hooks/useLoaderData.ts": {"path":"/Users/jonaskennedy/code/tanstack-svelte-start-adapter/packages/svelte-router/src/hooks/useLoaderData.ts","statementMap":{"0":{"start":{"line":33,"column":2},"end":{"line":39,"column":null}},"1":{"start":{"line":36,"column":25},"end":{"line":36,"column":null}},"2":{"start":{"line":37,"column":6},"end":{"line":37,"column":null}}},"fnMap":{"0":{"name":"useLoaderData","decl":{"start":{"line":21,"column":16},"end":{"line":21,"column":null}},"loc":{"start":{"line":32,"column":13},"end":{"line":40,"column":null}},"line":32},"1":{"name":"(anonymous_1)","decl":{"start":{"line":35,"column":12},"end":{"line":35,"column":13}},"loc":{"start":{"line":35,"column":28},"end":{"line":38,"column":null}},"line":35}},"branchMap":{"0":{"loc":{"start":{"line":37,"column":13},"end":{"line":37,"column":null}},"type":"cond-expr","locations":[{"start":{"line":37,"column":28},"end":{"line":37,"column":54}},{"start":{"line":37,"column":54},"end":{"line":37,"column":null}}],"line":37}},"s":{"0":1,"1":1,"2":1},"f":{"0":1,"1":1},"b":{"0":[0,1]},"meta":{"lastBranch":1,"lastFunction":2,"lastStatement":3,"seen":{"f:21:16:21:Infinity":0,"s:33:2:39:Infinity":0,"f:35:12:35:13":1,"s:36:25:36:Infinity":1,"s:37:6:37:Infinity":2,"b:37:28:37:54:37:54:37:Infinity":0}}}
,"/Users/jonaskennedy/code/tanstack-svelte-start-adapter/packages/svelte-router/src/hooks/useLoaderDeps.ts": {"path":"/Users/jonaskennedy/code/tanstack-svelte-start-adapter/packages/svelte-router/src/hooks/useLoaderDeps.ts","statementMap":{"0":{"start":{"line":33,"column":2},"end":{"line":39,"column":null}},"1":{"start":{"line":36,"column":25},"end":{"line":36,"column":null}},"2":{"start":{"line":37,"column":6},"end":{"line":37,"column":null}}},"fnMap":{"0":{"name":"useLoaderDeps","decl":{"start":{"line":21,"column":16},"end":{"line":21,"column":null}},"loc":{"start":{"line":32,"column":13},"end":{"line":40,"column":null}},"line":32},"1":{"name":"(anonymous_1)","decl":{"start":{"line":35,"column":12},"end":{"line":35,"column":13}},"loc":{"start":{"line":35,"column":28},"end":{"line":38,"column":null}},"line":35}},"branchMap":{"0":{"loc":{"start":{"line":36,"column":25},"end":{"line":36,"column":null}},"type":"binary-expr","locations":[{"start":{"line":36,"column":25},"end":{"line":36,"column":46}},{"start":{"line":36,"column":46},"end":{"line":36,"column":null}}],"line":36},"1":{"loc":{"start":{"line":37,"column":13},"end":{"line":37,"column":null}},"type":"cond-expr","locations":[{"start":{"line":37,"column":28},"end":{"line":37,"column":54}},{"start":{"line":37,"column":54},"end":{"line":37,"column":null}}],"line":37}},"s":{"0":1,"1":1,"2":1},"f":{"0":1,"1":1},"b":{"0":[1,0],"1":[0,1]},"meta":{"lastBranch":2,"lastFunction":2,"lastStatement":3,"seen":{"f:21:16:21:Infinity":0,"s:33:2:39:Infinity":0,"f:35:12:35:13":1,"s:36:25:36:Infinity":1,"b:36:25:36:46:36:46:36:Infinity":0,"s:37:6:37:Infinity":2,"b:37:28:37:54:37:54:37:Infinity":1}}}
,"/Users/jonaskennedy/code/tanstack-svelte-start-adapter/packages/svelte-router/src/hooks/useLocation.ts": {"path":"/Users/jonaskennedy/code/tanstack-svelte-start-adapter/packages/svelte-router/src/hooks/useLocation.ts","statementMap":{"0":{"start":{"line":23,"column":2},"end":{"line":25,"column":null}},"1":{"start":{"line":24,"column":23},"end":{"line":24,"column":null}}},"fnMap":{"0":{"name":"useLocation","decl":{"start":{"line":20,"column":16},"end":{"line":20,"column":null}},"loc":{"start":{"line":22,"column":20},"end":{"line":26,"column":null}},"line":22},"1":{"name":"(anonymous_1)","decl":{"start":{"line":24,"column":12},"end":{"line":24,"column":13}},"loc":{"start":{"line":24,"column":23},"end":{"line":24,"column":null}},"line":24}},"branchMap":{},"s":{"0":1,"1":1},"f":{"0":1,"1":1},"b":{},"meta":{"lastBranch":0,"lastFunction":2,"lastStatement":2,"seen":{"f:20:16:20:Infinity":0,"s:23:2:25:Infinity":0,"f:24:12:24:13":1,"s:24:23:24:Infinity":1}}}
,"/Users/jonaskennedy/code/tanstack-svelte-start-adapter/packages/svelte-router/src/hooks/useMatch.ts": {"path":"/Users/jonaskennedy/code/tanstack-svelte-start-adapter/packages/svelte-router/src/hooks/useMatch.ts","statementMap":{"0":{"start":{"line":32,"column":8},"end":{"line":32,"column":null}},"1":{"start":{"line":33,"column":8},"end":{"line":33,"column":null}},"2":{"start":{"line":35,"column":16},"end":{"line":35,"column":null}},"3":{"start":{"line":36,"column":16},"end":{"line":40,"column":null}},"4":{"start":{"line":37,"column":4},"end":{"line":37,"column":null}},"5":{"start":{"line":37,"column":20},"end":{"line":37,"column":null}},"6":{"start":{"line":38,"column":4},"end":{"line":38,"column":null}},"7":{"start":{"line":38,"column":17},"end":{"line":38,"column":null}},"8":{"start":{"line":39,"column":4},"end":{"line":39,"column":null}},"9":{"start":{"line":42,"column":2},"end":{"line":42,"column":null}}},"fnMap":{"0":{"name":"useMatch","decl":{"start":{"line":21,"column":16},"end":{"line":21,"column":null}},"loc":{"start":{"line":30,"column":13},"end":{"line":43,"column":null}},"line":30},"1":{"name":"(anonymous_1)","decl":{"start":{"line":36,"column":35},"end":{"line":36,"column":36}},"loc":{"start":{"line":36,"column":47},"end":{"line":40,"column":3}},"line":36}},"branchMap":{"0":{"loc":{"start":{"line":37,"column":4},"end":{"line":37,"column":null}},"type":"if","locations":[{"start":{"line":37,"column":4},"end":{"line":37,"column":null}},{"start":{},"end":{}}],"line":37},"1":{"loc":{"start":{"line":38,"column":4},"end":{"line":38,"column":null}},"type":"if","locations":[{"start":{"line":38,"column":4},"end":{"line":38,"column":null}},{"start":{},"end":{}}],"line":38},"2":{"loc":{"start":{"line":42,"column":9},"end":{"line":42,"column":null}},"type":"cond-expr","locations":[{"start":{"line":42,"column":24},"end":{"line":42,"column":46}},{"start":{"line":42,"column":46},"end":{"line":42,"column":null}}],"line":42}},"s":{"0":7,"1":7,"2":7,"3":7,"4":16,"5":0,"6":16,"7":16,"8":0,"9":7},"f":{"0":7,"1":16},"b":{"0":[0,16],"1":[16,0],"2":[5,2]},"meta":{"lastBranch":3,"lastFunction":2,"lastStatement":10,"seen":{"f:21:16:21:Infinity":0,"s:32:8:32:Infinity":0,"s:33:8:33:Infinity":1,"s:35:16:35:Infinity":2,"s:36:16:40:Infinity":3,"f:36:35:36:36":1,"b:37:4:37:Infinity:undefined:undefined:undefined:undefined":0,"s:37:4:37:Infinity":4,"s:37:20:37:Infinity":5,"b:38:4:38:Infinity:undefined:undefined:undefined:undefined":1,"s:38:4:38:Infinity":6,"s:38:17:38:Infinity":7,"s:39:4:39:Infinity":8,"s:42:2:42:Infinity":9,"b:42:24:42:46:42:46:42:Infinity":2}}}
,"/Users/jonaskennedy/code/tanstack-svelte-start-adapter/packages/svelte-router/src/hooks/useMatchRoute.ts": {"path":"/Users/jonaskennedy/code/tanstack-svelte-start-adapter/packages/svelte-router/src/hooks/useMatchRoute.ts","statementMap":{"0":{"start":{"line":33,"column":8},"end":{"line":33,"column":null}},"1":{"start":{"line":35,"column":2},"end":{"line":47,"column":null}},"2":{"start":{"line":41,"column":58},"end":{"line":41,"column":null}},"3":{"start":{"line":42,"column":4},"end":{"line":46,"column":null}}},"fnMap":{"0":{"name":"useMatchRoute","decl":{"start":{"line":32,"column":16},"end":{"line":32,"column":78}},"loc":{"start":{"line":32,"column":78},"end":{"line":48,"column":null}},"line":32},"1":{"name":"(anonymous_1)","decl":{"start":{"line":35,"column":9},"end":{"line":35,"column":null}},"loc":{"start":{"line":40,"column":39},"end":{"line":47,"column":null}},"line":40}},"branchMap":{},"s":{"0":1,"1":1,"2":2,"3":2},"f":{"0":1,"1":2},"b":{},"meta":{"lastBranch":0,"lastFunction":2,"lastStatement":4,"seen":{"f:32:16:32:78":0,"s:33:8:33:Infinity":0,"s:35:2:47:Infinity":1,"f:35:9:35:Infinity":1,"s:41:58:41:Infinity":2,"s:42:4:46:Infinity":3}}}
,"/Users/jonaskennedy/code/tanstack-svelte-start-adapter/packages/svelte-router/src/hooks/useNavigate.ts": {"path":"/Users/jonaskennedy/code/tanstack-svelte-start-adapter/packages/svelte-router/src/hooks/useNavigate.ts","statementMap":{"0":{"start":{"line":31,"column":8},"end":{"line":31,"column":null}},"1":{"start":{"line":32,"column":2},"end":{"line":37,"column":null}},"2":{"start":{"line":33,"column":4},"end":{"line":36,"column":null}}},"fnMap":{"0":{"name":"useNavigate","decl":{"start":{"line":27,"column":16},"end":{"line":27,"column":null}},"loc":{"start":{"line":30,"column":67},"end":{"line":38,"column":null}},"line":30},"1":{"name":"(anonymous_1)","decl":{"start":{"line":32,"column":10},"end":{"line":32,"column":11}},"loc":{"start":{"line":32,"column":28},"end":{"line":37,"column":null}},"line":32}},"branchMap":{"0":{"loc":{"start":{"line":35,"column":12},"end":{"line":35,"column":null}},"type":"binary-expr","locations":[{"start":{"line":35,"column":12},"end":{"line":35,"column":28}},{"start":{"line":35,"column":28},"end":{"line":35,"column":null}}],"line":35}},"s":{"0":4,"1":4,"2":2},"f":{"0":4,"1":2},"b":{"0":[2,2]},"meta":{"lastBranch":1,"lastFunction":2,"lastStatement":3,"seen":{"f:27:16:27:Infinity":0,"s:31:8:31:Infinity":0,"s:32:2:37:Infinity":1,"f:32:10:32:11":1,"s:33:4:36:Infinity":2,"b:35:12:35:28:35:28:35:Infinity":0}}}
,"/Users/jonaskennedy/code/tanstack-svelte-start-adapter/packages/svelte-router/src/hooks/useParams.ts": {"path":"/Users/jonaskennedy/code/tanstack-svelte-start-adapter/packages/svelte-router/src/hooks/useParams.ts","statementMap":{"0":{"start":{"line":41,"column":2},"end":{"line":47,"column":null}},"1":{"start":{"line":44,"column":21},"end":{"line":44,"column":null}},"2":{"start":{"line":45,"column":6},"end":{"line":45,"column":null}}},"fnMap":{"0":{"name":"useParams","decl":{"start":{"line":27,"column":16},"end":{"line":27,"column":null}},"loc":{"start":{"line":38,"column":13},"end":{"line":48,"column":null}},"line":38},"1":{"name":"(anonymous_1)","decl":{"start":{"line":43,"column":12},"end":{"line":43,"column":13}},"loc":{"start":{"line":43,"column":28},"end":{"line":46,"column":null}},"line":43}},"branchMap":{"0":{"loc":{"start":{"line":44,"column":21},"end":{"line":44,"column":null}},"type":"binary-expr","locations":[{"start":{"line":44,"column":21},"end":{"line":44,"column":38}},{"start":{"line":44,"column":38},"end":{"line":44,"column":null}}],"line":44},"1":{"loc":{"start":{"line":45,"column":13},"end":{"line":45,"column":null}},"type":"cond-expr","locations":[{"start":{"line":45,"column":28},"end":{"line":45,"column":50}},{"start":{"line":45,"column":50},"end":{"line":45,"column":null}}],"line":45}},"s":{"0":2,"1":2,"2":2},"f":{"0":2,"1":2},"b":{"0":[2,0],"1":[0,2]},"meta":{"lastBranch":2,"lastFunction":2,"lastStatement":3,"seen":{"f:27:16:27:Infinity":0,"s:41:2:47:Infinity":0,"f:43:12:43:13":1,"s:44:21:44:Infinity":1,"b:44:21:44:38:44:38:44:Infinity":0,"s:45:6:45:Infinity":2,"b:45:28:45:50:45:50:45:Infinity":1}}}
,"/Users/jonaskennedy/code/tanstack-svelte-start-adapter/packages/svelte-router/src/hooks/useRouteContext.ts": {"path":"/Users/jonaskennedy/code/tanstack-svelte-start-adapter/packages/svelte-router/src/hooks/useRouteContext.ts","statementMap":{"0":{"start":{"line":30,"column":2},"end":{"line":36,"column":null}},"1":{"start":{"line":33,"column":22},"end":{"line":33,"column":null}},"2":{"start":{"line":34,"column":6},"end":{"line":34,"column":null}}},"fnMap":{"0":{"name":"useRouteContext","decl":{"start":{"line":20,"column":16},"end":{"line":20,"column":null}},"loc":{"start":{"line":29,"column":13},"end":{"line":37,"column":null}},"line":29},"1":{"name":"(anonymous_1)","decl":{"start":{"line":32,"column":12},"end":{"line":32,"column":13}},"loc":{"start":{"line":32,"column":28},"end":{"line":35,"column":null}},"line":32}},"branchMap":{"0":{"loc":{"start":{"line":33,"column":22},"end":{"line":33,"column":null}},"type":"binary-expr","locations":[{"start":{"line":33,"column":22},"end":{"line":33,"column":40}},{"start":{"line":33,"column":40},"end":{"line":33,"column":null}}],"line":33},"1":{"loc":{"start":{"line":34,"column":13},"end":{"line":34,"column":null}},"type":"cond-expr","locations":[{"start":{"line":34,"column":28},"end":{"line":34,"column":51}},{"start":{"line":34,"column":51},"end":{"line":34,"column":null}}],"line":34}},"s":{"0":1,"1":1,"2":1},"f":{"0":1,"1":1},"b":{"0":[1,0],"1":[0,1]},"meta":{"lastBranch":2,"lastFunction":2,"lastStatement":3,"seen":{"f:20:16:20:Infinity":0,"s:30:2:36:Infinity":0,"f:32:12:32:13":1,"s:33:22:33:Infinity":1,"b:33:22:33:40:33:40:33:Infinity":0,"s:34:6:34:Infinity":2,"b:34:28:34:51:34:51:34:Infinity":1}}}
,"/Users/jonaskennedy/code/tanstack-svelte-start-adapter/packages/svelte-router/src/hooks/useRouter.ts": {"path":"/Users/jonaskennedy/code/tanstack-svelte-start-adapter/packages/svelte-router/src/hooks/useRouter.ts","statementMap":{"0":{"start":{"line":19,"column":8},"end":{"line":19,"column":null}},"1":{"start":{"line":20,"column":2},"end":{"line":23,"column":null}},"2":{"start":{"line":24,"column":2},"end":{"line":24,"column":null}}},"fnMap":{"0":{"name":"useRouter","decl":{"start":{"line":16,"column":16},"end":{"line":16,"column":72}},"loc":{"start":{"line":18,"column":12},"end":{"line":25,"column":null}},"line":18}},"branchMap":{"0":{"loc":{"start":{"line":21,"column":4},"end":{"line":21,"column":null}},"type":"binary-expr","locations":[{"start":{"line":21,"column":7},"end":{"line":21,"column":21}},{"start":{"line":21,"column":21},"end":{"line":21,"column":30}},{"start":{"line":21,"column":30},"end":{"line":21,"column":null}}],"line":21}},"s":{"0":10,"1":10,"2":10},"f":{"0":10},"b":{"0":[10,7,7]},"meta":{"lastBranch":1,"lastFunction":1,"lastStatement":3,"seen":{"f:16:16:16:72":0,"s:19:8:19:Infinity":0,"s:20:2:23:Infinity":1,"b:21:7:21:21:21:21:21:30:21:30:21:Infinity":0,"s:24:2:24:Infinity":2}}}
,"/Users/jonaskennedy/code/tanstack-svelte-start-adapter/packages/svelte-router/src/hooks/useRouterState.ts": {"path":"/Users/jonaskennedy/code/tanstack-svelte-start-adapter/packages/svelte-router/src/hooks/useRouterState.ts","statementMap":{"0":{"start":{"line":34,"column":8},"end":{"line":34,"column":null}},"1":{"start":{"line":35,"column":19},"end":{"line":35,"column":null}},"2":{"start":{"line":35,"column":48},"end":{"line":35,"column":null}},"3":{"start":{"line":36,"column":2},"end":{"line":36,"column":null}}},"fnMap":{"0":{"name":"useRouterState","decl":{"start":{"line":24,"column":16},"end":{"line":24,"column":null}},"loc":{"start":{"line":30,"column":14},"end":{"line":37,"column":null}},"line":30},"1":{"name":"(anonymous_1)","decl":{"start":{"line":35,"column":36},"end":{"line":35,"column":37}},"loc":{"start":{"line":35,"column":48},"end":{"line":35,"column":null}},"line":35}},"branchMap":{"0":{"loc":{"start":{"line":35,"column":19},"end":{"line":35,"column":null}},"type":"binary-expr","locations":[{"start":{"line":35,"column":19},"end":{"line":35,"column":36}},{"start":{"line":35,"column":36},"end":{"line":35,"column":null}}],"line":35}},"s":{"0":11,"1":11,"2":0,"3":11},"f":{"0":11,"1":0},"b":{"0":[11,0]},"meta":{"lastBranch":1,"lastFunction":2,"lastStatement":4,"seen":{"f:24:16:24:Infinity":0,"s:34:8:34:Infinity":0,"s:35:19:35:Infinity":1,"b:35:19:35:36:35:36:35:Infinity":0,"f:35:36:35:37":1,"s:35:48:35:Infinity":2,"s:36:2:36:Infinity":3}}}
,"/Users/jonaskennedy/code/tanstack-svelte-start-adapter/packages/svelte-router/src/hooks/useSearch.ts": {"path":"/Users/jonaskennedy/code/tanstack-svelte-start-adapter/packages/svelte-router/src/hooks/useSearch.ts","statementMap":{"0":{"start":{"line":33,"column":2},"end":{"line":38,"column":null}},"1":{"start":{"line":35,"column":22},"end":{"line":35,"column":null}},"2":{"start":{"line":36,"column":6},"end":{"line":36,"column":null}}},"fnMap":{"0":{"name":"useSearch","decl":{"start":{"line":21,"column":16},"end":{"line":21,"column":null}},"loc":{"start":{"line":32,"column":13},"end":{"line":39,"column":null}},"line":32},"1":{"name":"(anonymous_1)","decl":{"start":{"line":34,"column":12},"end":{"line":34,"column":13}},"loc":{"start":{"line":34,"column":23},"end":{"line":37,"column":null}},"line":34}},"branchMap":{"0":{"loc":{"start":{"line":35,"column":22},"end":{"line":35,"column":null}},"type":"binary-expr","locations":[{"start":{"line":35,"column":22},"end":{"line":35,"column":56}},{"start":{"line":35,"column":56},"end":{"line":35,"column":null}}],"line":35},"1":{"loc":{"start":{"line":36,"column":13},"end":{"line":36,"column":null}},"type":"cond-expr","locations":[{"start":{"line":36,"column":28},"end":{"line":36,"column":50}},{"start":{"line":36,"column":50},"end":{"line":36,"column":null}}],"line":36}},"s":{"0":2,"1":2,"2":2},"f":{"0":2,"1":2},"b":{"0":[2,0],"1":[0,2]},"meta":{"lastBranch":2,"lastFunction":2,"lastStatement":3,"seen":{"f:21:16:21:Infinity":0,"s:33:2:38:Infinity":0,"f:34:12:34:13":1,"s:35:22:35:Infinity":1,"b:35:22:35:56:35:56:35:Infinity":0,"s:36:6:36:Infinity":2,"b:36:28:36:50:36:50:36:Infinity":1}}}
,"/Users/jonaskennedy/code/tanstack-svelte-start-adapter/packages/svelte-router/src/ssr/client.ts": {"path":"/Users/jonaskennedy/code/tanstack-svelte-start-adapter/packages/svelte-router/src/ssr/client.ts","statementMap":{},"fnMap":{},"branchMap":{},"s":{},"f":{},"b":{},"meta":{"lastBranch":0,"lastFunction":0,"lastStatement":0,"seen":{}}}
,"/Users/jonaskennedy/code/tanstack-svelte-start-adapter/packages/svelte-router/src/ssr/server.ts": {"path":"/Users/jonaskennedy/code/tanstack-svelte-start-adapter/packages/svelte-router/src/ssr/server.ts","statementMap":{"0":{"start":{"line":33,"column":21},"end":{"line":35,"column":null}},"1":{"start":{"line":37,"column":19},"end":{"line":37,"column":null}},"2":{"start":{"line":39,"column":2},"end":{"line":42,"column":null}},"3":{"start":{"line":60,"column":21},"end":{"line":62,"column":null}},"4":{"start":{"line":64,"column":19},"end":{"line":64,"column":null}},"5":{"start":{"line":67,"column":18},"end":{"line":67,"column":null}},"6":{"start":{"line":68,"column":19},"end":{"line":73,"column":null}},"7":{"start":{"line":70,"column":6},"end":{"line":70,"column":null}},"8":{"start":{"line":71,"column":6},"end":{"line":71,"column":null}},"9":{"start":{"line":75,"column":2},"end":{"line":78,"column":null}}},"fnMap":{"0":{"name":"renderRouterToString","decl":{"start":{"line":28,"column":22},"end":{"line":28,"column":43}},"loc":{"start":{"line":32,"column":51},"end":{"line":43,"column":null}},"line":32},"1":{"name":"renderRouterToStream","decl":{"start":{"line":52,"column":22},"end":{"line":52,"column":43}},"loc":{"start":{"line":57,"column":51},"end":{"line":79,"column":null}},"line":57},"2":{"name":"(anonymous_2)","decl":{"start":{"line":69,"column":4},"end":{"line":69,"column":10}},"loc":{"start":{"line":69,"column":22},"end":{"line":72,"column":null}},"line":69}},"branchMap":{"0":{"loc":{"start":{"line":40,"column":13},"end":{"line":40,"column":null}},"type":"binary-expr","locations":[{"start":{"line":40,"column":13},"end":{"line":40,"column":48}},{"start":{"line":40,"column":48},"end":{"line":40,"column":null}}],"line":40},"1":{"loc":{"start":{"line":76,"column":13},"end":{"line":76,"column":null}},"type":"binary-expr","locations":[{"start":{"line":76,"column":13},"end":{"line":76,"column":48}},{"start":{"line":76,"column":48},"end":{"line":76,"column":null}}],"line":76}},"s":{"0":6,"1":6,"2":6,"3":3,"4":3,"5":3,"6":3,"7":3,"8":3,"9":3},"f":{"0":6,"1":3,"2":3},"b":{"0":[6,0],"1":[3,0]},"meta":{"lastBranch":2,"lastFunction":3,"lastStatement":10,"seen":{"f:28:22:28:43":0,"s:33:21:35:Infinity":0,"s:37:19:37:Infinity":1,"s:39:2:42:Infinity":2,"b:40:13:40:48:40:48:40:Infinity":0,"f:52:22:52:43":1,"s:60:21:62:Infinity":3,"s:64:19:64:Infinity":4,"s:67:18:67:Infinity":5,"s:68:19:73:Infinity":6,"f:69:4:69:10":2,"s:70:6:70:Infinity":7,"s:71:6:71:Infinity":8,"s:75:2:78:Infinity":9,"b:76:13:76:48:76:48:76:Infinity":1}}}
}
